[ 2016-10-25T14:10:34+08:00 ] 127.0.0.1 /oa/
INFO: [ app_init ] --START--
INFO: Run Behavior\BuildLiteBehavior [ RunTime:0.000018s ]
INFO: [ app_init ] --END-- [ RunTime:0.000670s ]
INFO: [ app_begin ] --START--
INFO: Run Behavior\ReadHtmlCacheBehavior [ RunTime:0.007653s ]
INFO: [ app_begin ] --END-- [ RunTime:0.007804s ]

[ 2016-10-25T14:10:34+08:00 ] 127.0.0.1 /oa/index.php/Home/Login/index.html
INFO: [ app_init ] --START--
INFO: Run Behavior\BuildLiteBehavior [ RunTime:0.000050s ]
INFO: [ app_init ] --END-- [ RunTime:0.001510s ]
INFO: [ app_begin ] --START--
INFO: Run Behavior\ReadHtmlCacheBehavior [ RunTime:0.002048s ]
INFO: [ app_begin ] --END-- [ RunTime:0.002270s ]
INFO: [ view_parse ] --START--
INFO: [ template_filter ] --START--
INFO: Run Behavior\ContentReplaceBehavior [ RunTime:0.000167s ]
INFO: [ template_filter ] --END-- [ RunTime:0.000418s ]
INFO: Run Behavior\ParseTemplateBehavior [ RunTime:0.081157s ]
INFO: [ view_parse ] --END-- [ RunTime:0.081364s ]
INFO: [ view_filter ] --START--
INFO: Run Behavior\WriteHtmlCacheBehavior [ RunTime:0.004632s ]
INFO: [ view_filter ] --END-- [ RunTime:0.004808s ]
INFO: [ app_end ] --START--
INFO: Run Behavior\ShowPageTraceBehavior [ RunTime:0.024411s ]
INFO: [ app_end ] --END-- [ RunTime:0.024597s ]

[ 2016-10-25T14:10:45+08:00 ] 127.0.0.1 /
INFO: [ app_init ] --START--
INFO: Run Behavior\BuildLiteBehavior [ RunTime:0.000013s ]
INFO: [ app_init ] --END-- [ RunTime:0.000362s ]
INFO: [ app_begin ] --START--
INFO: Run Behavior\ReadHtmlCacheBehavior [ RunTime:0.000463s ]
INFO: [ app_begin ] --END-- [ RunTime:0.000516s ]

[ 2016-10-25T14:10:45+08:00 ] 127.0.0.1 /index.php/Home/Login/index.html
INFO: [ app_init ] --START--
INFO: Run Behavior\BuildLiteBehavior [ RunTime:0.000012s ]
INFO: [ app_init ] --END-- [ RunTime:0.000342s ]
INFO: [ app_begin ] --START--
INFO: Run Behavior\ReadHtmlCacheBehavior [ RunTime:0.000451s ]
INFO: [ app_begin ] --END-- [ RunTime:0.000500s ]
INFO: [ view_parse ] --START--
INFO: [ template_filter ] --START--
INFO: Run Behavior\ContentReplaceBehavior [ RunTime:0.000050s ]
INFO: [ template_filter ] --END-- [ RunTime:0.000113s ]
INFO: Run Behavior\ParseTemplateBehavior [ RunTime:0.005461s ]
INFO: [ view_parse ] --END-- [ RunTime:0.005513s ]
INFO: [ view_filter ] --START--
INFO: Run Behavior\WriteHtmlCacheBehavior [ RunTime:0.000267s ]
INFO: [ view_filter ] --END-- [ RunTime:0.000305s ]
INFO: [ app_end ] --START--
INFO: Run Behavior\ShowPageTraceBehavior [ RunTime:0.000451s ]
INFO: [ app_end ] --END-- [ RunTime:0.000494s ]

[ 2016-10-25T14:53:47+08:00 ] 127.0.0.1 /
INFO: [ app_init ] --START--
INFO: Run Behavior\BuildLiteBehavior [ RunTime:0.000014s ]
INFO: [ app_init ] --END-- [ RunTime:0.000500s ]
INFO: [ app_begin ] --START--
INFO: Run Behavior\ReadHtmlCacheBehavior [ RunTime:0.000519s ]
INFO: [ app_begin ] --END-- [ RunTime:0.000593s ]

[ 2016-10-25T14:53:47+08:00 ] 127.0.0.1 /index.php/Home/Login/index.html
INFO: [ app_init ] --START--
INFO: Run Behavior\BuildLiteBehavior [ RunTime:0.000023s ]
INFO: [ app_init ] --END-- [ RunTime:0.000446s ]
INFO: [ app_begin ] --START--
INFO: Run Behavior\ReadHtmlCacheBehavior [ RunTime:0.000493s ]
INFO: [ app_begin ] --END-- [ RunTime:0.000549s ]
INFO: [ view_parse ] --START--
INFO: [ template_filter ] --START--
INFO: Run Behavior\ContentReplaceBehavior [ RunTime:0.000049s ]
INFO: [ template_filter ] --END-- [ RunTime:0.000112s ]
INFO: Run Behavior\ParseTemplateBehavior [ RunTime:0.006178s ]
INFO: [ view_parse ] --END-- [ RunTime:0.006252s ]
INFO: [ view_filter ] --START--
INFO: Run Behavior\WriteHtmlCacheBehavior [ RunTime:0.000401s ]
INFO: [ view_filter ] --END-- [ RunTime:0.000445s ]
INFO: [ app_end ] --START--
INFO: Run Behavior\ShowPageTraceBehavior [ RunTime:0.000577s ]
INFO: [ app_end ] --END-- [ RunTime:0.000621s ]

[ 2016-10-25T14:53:55+08:00 ] 127.0.0.1 /index.php/Home/Login/login.html
INFO: [ app_init ] --START--
INFO: Run Behavior\BuildLiteBehavior [ RunTime:0.000028s ]
INFO: [ app_init ] --END-- [ RunTime:0.000721s ]
INFO: [ app_begin ] --START--
INFO: Run Behavior\ReadHtmlCacheBehavior [ RunTime:0.000734s ]
INFO: [ app_begin ] --END-- [ RunTime:0.000822s ]
SQL: SHOW COLUMNS FROM `gb_admin_user` [ RunTime:0.0533s ]
SQL: SELECT * FROM `gb_admin_user` WHERE ( username='admin' ) LIMIT 1   [ RunTime:0.0006s ]
NOTIC: [8] Undefined index: is_lock E:\por\oa\Home\Model\AdminUserModel.class.php 第 15 行.

[ 2016-10-25T14:53:56+08:00 ] 127.0.0.1 /index.php/Home/Index/index.html
INFO: [ app_init ] --START--
INFO: Run Behavior\BuildLiteBehavior [ RunTime:0.000024s ]
INFO: [ app_init ] --END-- [ RunTime:0.000727s ]
INFO: [ app_begin ] --START--
INFO: Run Behavior\ReadHtmlCacheBehavior [ RunTime:0.000851s ]
INFO: [ app_begin ] --END-- [ RunTime:0.000954s ]
SQL: SHOW COLUMNS FROM `gb_admin_user` [ RunTime:0.0074s ]
SQL: SELECT * FROM `gb_admin_user` WHERE ( id=1 ) LIMIT 1   [ RunTime:0.0117s ]
NOTIC: [8] Undefined index: is_lock E:\por\oa\Common\Common\Controller\AdminBaseController.class.php 第 16 行.
SQL: SHOW COLUMNS FROM `gb_roles` [ RunTime:0.0237s ]
SQL: SELECT * FROM `gb_roles` WHERE ( id=1 ) LIMIT 1   [ RunTime:0.0003s ]
SQL: SHOW COLUMNS FROM `gb_deport` [ RunTime:0.0276s ]
SQL: SELECT * FROM `gb_deport` WHERE ( id=1 ) LIMIT 1   [ RunTime:0.0004s ]
SQL: SHOW COLUMNS FROM `gb_admin_user_show` [ RunTime:0.0390s ]
SQL: SELECT * FROM `gb_admin_user_show` WHERE ( admin_user_id=1 and is_background=0 )  [ RunTime:0.0003s ]
SQL: SELECT * FROM `gb_admin_user_show` WHERE ( admin_user_id=1 and is_background=1 ) LIMIT 1   [ RunTime:0.0002s ]
SQL: SHOW COLUMNS FROM `gb_deport_message` [ RunTime:0.0301s ]
SQL: SELECT a.msg,a.create_time,ifnull(u.name,u.username) as username,u.head_pic FROM gb_deport_message a left join gb_admin_user u on u.id=a.admin_user_id  WHERE ( a.create_time>=1476946435 ) ORDER BY a.create_time desc LIMIT 5   [ RunTime:0.0526s ]
NOTIC: [8] Undefined variable: user_info E:\por\oa\Common\Common\Controller\AdminBaseController.class.php 第 180 行.
SQL: SELECT * FROM `gb_roles` WHERE ( id=1 ) LIMIT 1   [ RunTime:0.0006s ]
SQL: SHOW COLUMNS FROM `gb_role_menus` [ RunTime:0.0492s ]
SQL: SELECT * FROM `gb_role_menus` WHERE ( role_id=1 )  [ RunTime:0.0128s ]
SQL: SHOW COLUMNS FROM `gb_menus` [ RunTime:0.0390s ]
SQL: SELECT * FROM `gb_menus` WHERE ( id in (1,2,3,4,5,6,7,8,9,10,11,12,13,14,15,16,17,18,19,20,21,22,23,24,25,26,27,28,29,30,31,32,33,34,35,36,37,38,39,40,41,42,43,44,45,55,56,57,58,59,60,61,62,63,64,65,66,67,68,69,70,71,75) and is_show=1 and ptype=0 ) ORDER BY rank,id  [ RunTime:0.0416s ]
SQL: SELECT * FROM `gb_menus` WHERE ( id in (1,2,3,4,5,6,7,8,9,10,11,12,13,14,15,16,17,18,19,20,21,22,23,24,25,26,27,28,29,30,31,32,33,34,35,36,37,38,39,40,41,42,43,44,45,55,56,57,58,59,60,61,62,63,64,65,66,67,68,69,70,71,75) and is_show=1 and parent_id=1 and ptype=1 ) ORDER BY rank,id  [ RunTime:0.0007s ]
SQL: SELECT * FROM `gb_menus` WHERE ( id in (1,2,3,4,5,6,7,8,9,10,11,12,13,14,15,16,17,18,19,20,21,22,23,24,25,26,27,28,29,30,31,32,33,34,35,36,37,38,39,40,41,42,43,44,45,55,56,57,58,59,60,61,62,63,64,65,66,67,68,69,70,71,75) and is_show=1 and parent_id=75 and ptype=1 ) ORDER BY rank,id  [ RunTime:0.0006s ]
SQL: SELECT * FROM `gb_menus` WHERE ( id in (1,2,3,4,5,6,7,8,9,10,11,12,13,14,15,16,17,18,19,20,21,22,23,24,25,26,27,28,29,30,31,32,33,34,35,36,37,38,39,40,41,42,43,44,45,55,56,57,58,59,60,61,62,63,64,65,66,67,68,69,70,71,75) and is_show=1 and parent_id=55 and ptype=1 ) ORDER BY rank,id  [ RunTime:0.0009s ]
SQL: SELECT * FROM `gb_menus` WHERE ( id in (1,2,3,4,5,6,7,8,9,10,11,12,13,14,15,16,17,18,19,20,21,22,23,24,25,26,27,28,29,30,31,32,33,34,35,36,37,38,39,40,41,42,43,44,45,55,56,57,58,59,60,61,62,63,64,65,66,67,68,69,70,71,75) and is_show=1 and parent_id=56 and ptype=2 ) ORDER BY rank,id  [ RunTime:0.0006s ]
SQL: SELECT * FROM `gb_menus` WHERE ( id in (1,2,3,4,5,6,7,8,9,10,11,12,13,14,15,16,17,18,19,20,21,22,23,24,25,26,27,28,29,30,31,32,33,34,35,36,37,38,39,40,41,42,43,44,45,55,56,57,58,59,60,61,62,63,64,65,66,67,68,69,70,71,75) and is_show=1 and parent_id=57 and ptype=2 ) ORDER BY rank,id  [ RunTime:0.0006s ]
SQL: SELECT * FROM `gb_menus` WHERE ( id in (1,2,3,4,5,6,7,8,9,10,11,12,13,14,15,16,17,18,19,20,21,22,23,24,25,26,27,28,29,30,31,32,33,34,35,36,37,38,39,40,41,42,43,44,45,55,56,57,58,59,60,61,62,63,64,65,66,67,68,69,70,71,75) and is_show=1 and parent_id=58 and ptype=2 ) ORDER BY rank,id  [ RunTime:0.0006s ]
SQL: SELECT * FROM `gb_menus` WHERE ( id in (1,2,3,4,5,6,7,8,9,10,11,12,13,14,15,16,17,18,19,20,21,22,23,24,25,26,27,28,29,30,31,32,33,34,35,36,37,38,39,40,41,42,43,44,45,55,56,57,58,59,60,61,62,63,64,65,66,67,68,69,70,71,75) and is_show=1 and parent_id=59 and ptype=2 ) ORDER BY rank,id  [ RunTime:0.0006s ]
SQL: SELECT * FROM `gb_menus` WHERE ( id in (1,2,3,4,5,6,7,8,9,10,11,12,13,14,15,16,17,18,19,20,21,22,23,24,25,26,27,28,29,30,31,32,33,34,35,36,37,38,39,40,41,42,43,44,45,55,56,57,58,59,60,61,62,63,64,65,66,67,68,69,70,71,75) and is_show=1 and parent_id=60 and ptype=2 ) ORDER BY rank,id  [ RunTime:0.0007s ]
SQL: SELECT * FROM `gb_menus` WHERE ( id in (1,2,3,4,5,6,7,8,9,10,11,12,13,14,15,16,17,18,19,20,21,22,23,24,25,26,27,28,29,30,31,32,33,34,35,36,37,38,39,40,41,42,43,44,45,55,56,57,58,59,60,61,62,63,64,65,66,67,68,69,70,71,75) and is_show=1 and parent_id=61 and ptype=2 ) ORDER BY rank,id  [ RunTime:0.0007s ]
SQL: SELECT * FROM `gb_menus` WHERE ( id in (1,2,3,4,5,6,7,8,9,10,11,12,13,14,15,16,17,18,19,20,21,22,23,24,25,26,27,28,29,30,31,32,33,34,35,36,37,38,39,40,41,42,43,44,45,55,56,57,58,59,60,61,62,63,64,65,66,67,68,69,70,71,75) and is_show=1 and parent_id=62 and ptype=2 ) ORDER BY rank,id  [ RunTime:0.0006s ]
SQL: SELECT * FROM `gb_menus` WHERE ( id in (1,2,3,4,5,6,7,8,9,10,11,12,13,14,15,16,17,18,19,20,21,22,23,24,25,26,27,28,29,30,31,32,33,34,35,36,37,38,39,40,41,42,43,44,45,55,56,57,58,59,60,61,62,63,64,65,66,67,68,69,70,71,75) and is_show=1 and parent_id=63 and ptype=2 ) ORDER BY rank,id  [ RunTime:0.0008s ]
SQL: SELECT * FROM `gb_menus` WHERE ( id in (1,2,3,4,5,6,7,8,9,10,11,12,13,14,15,16,17,18,19,20,21,22,23,24,25,26,27,28,29,30,31,32,33,34,35,36,37,38,39,40,41,42,43,44,45,55,56,57,58,59,60,61,62,63,64,65,66,67,68,69,70,71,75) and is_show=1 and parent_id=64 and ptype=2 ) ORDER BY rank,id  [ RunTime:0.0010s ]
SQL: SELECT * FROM `gb_menus` WHERE ( id in (1,2,3,4,5,6,7,8,9,10,11,12,13,14,15,16,17,18,19,20,21,22,23,24,25,26,27,28,29,30,31,32,33,34,35,36,37,38,39,40,41,42,43,44,45,55,56,57,58,59,60,61,62,63,64,65,66,67,68,69,70,71,75) and is_show=1 and parent_id=65 and ptype=2 ) ORDER BY rank,id  [ RunTime:0.0006s ]
SQL: SELECT * FROM `gb_menus` WHERE ( id in (1,2,3,4,5,6,7,8,9,10,11,12,13,14,15,16,17,18,19,20,21,22,23,24,25,26,27,28,29,30,31,32,33,34,35,36,37,38,39,40,41,42,43,44,45,55,56,57,58,59,60,61,62,63,64,65,66,67,68,69,70,71,75) and is_show=1 and parent_id=66 and ptype=2 ) ORDER BY rank,id  [ RunTime:0.0006s ]
SQL: SELECT * FROM `gb_menus` WHERE ( id in (1,2,3,4,5,6,7,8,9,10,11,12,13,14,15,16,17,18,19,20,21,22,23,24,25,26,27,28,29,30,31,32,33,34,35,36,37,38,39,40,41,42,43,44,45,55,56,57,58,59,60,61,62,63,64,65,66,67,68,69,70,71,75) and is_show=1 and parent_id=67 and ptype=2 ) ORDER BY rank,id  [ RunTime:0.0008s ]
SQL: SELECT * FROM `gb_menus` WHERE ( id in (1,2,3,4,5,6,7,8,9,10,11,12,13,14,15,16,17,18,19,20,21,22,23,24,25,26,27,28,29,30,31,32,33,34,35,36,37,38,39,40,41,42,43,44,45,55,56,57,58,59,60,61,62,63,64,65,66,67,68,69,70,71,75) and is_show=1 and parent_id=68 and ptype=2 ) ORDER BY rank,id  [ RunTime:0.0009s ]
SQL: SELECT * FROM `gb_menus` WHERE ( id in (1,2,3,4,5,6,7,8,9,10,11,12,13,14,15,16,17,18,19,20,21,22,23,24,25,26,27,28,29,30,31,32,33,34,35,36,37,38,39,40,41,42,43,44,45,55,56,57,58,59,60,61,62,63,64,65,66,67,68,69,70,71,75) and is_show=1 and parent_id=69 and ptype=2 ) ORDER BY rank,id  [ RunTime:0.0007s ]
SQL: SELECT * FROM `gb_menus` WHERE ( id in (1,2,3,4,5,6,7,8,9,10,11,12,13,14,15,16,17,18,19,20,21,22,23,24,25,26,27,28,29,30,31,32,33,34,35,36,37,38,39,40,41,42,43,44,45,55,56,57,58,59,60,61,62,63,64,65,66,67,68,69,70,71,75) and is_show=1 and parent_id=70 and ptype=2 ) ORDER BY rank,id  [ RunTime:0.0006s ]
SQL: SELECT * FROM `gb_menus` WHERE ( id in (1,2,3,4,5,6,7,8,9,10,11,12,13,14,15,16,17,18,19,20,21,22,23,24,25,26,27,28,29,30,31,32,33,34,35,36,37,38,39,40,41,42,43,44,45,55,56,57,58,59,60,61,62,63,64,65,66,67,68,69,70,71,75) and is_show=1 and parent_id=71 and ptype=2 ) ORDER BY rank,id  [ RunTime:0.0007s ]
SQL: SELECT * FROM `gb_menus` WHERE ( id in (1,2,3,4,5,6,7,8,9,10,11,12,13,14,15,16,17,18,19,20,21,22,23,24,25,26,27,28,29,30,31,32,33,34,35,36,37,38,39,40,41,42,43,44,45,55,56,57,58,59,60,61,62,63,64,65,66,67,68,69,70,71,75) and is_show=1 and parent_id=2 and ptype=1 ) ORDER BY rank,id  [ RunTime:0.0007s ]
SQL: SELECT * FROM `gb_menus` WHERE ( id in (1,2,3,4,5,6,7,8,9,10,11,12,13,14,15,16,17,18,19,20,21,22,23,24,25,26,27,28,29,30,31,32,33,34,35,36,37,38,39,40,41,42,43,44,45,55,56,57,58,59,60,61,62,63,64,65,66,67,68,69,70,71,75) and is_show=1 and parent_id=9 and ptype=2 ) ORDER BY rank,id  [ RunTime:0.0006s ]
SQL: SELECT * FROM `gb_menus` WHERE ( id in (1,2,3,4,5,6,7,8,9,10,11,12,13,14,15,16,17,18,19,20,21,22,23,24,25,26,27,28,29,30,31,32,33,34,35,36,37,38,39,40,41,42,43,44,45,55,56,57,58,59,60,61,62,63,64,65,66,67,68,69,70,71,75) and is_show=1 and parent_id=10 and ptype=2 ) ORDER BY rank,id  [ RunTime:0.0006s ]
SQL: SELECT * FROM `gb_menus` WHERE ( id in (1,2,3,4,5,6,7,8,9,10,11,12,13,14,15,16,17,18,19,20,21,22,23,24,25,26,27,28,29,30,31,32,33,34,35,36,37,38,39,40,41,42,43,44,45,55,56,57,58,59,60,61,62,63,64,65,66,67,68,69,70,71,75) and is_show=1 and parent_id=11 and ptype=2 ) ORDER BY rank,id  [ RunTime:0.0007s ]
SQL: SELECT * FROM `gb_menus` WHERE ( id in (1,2,3,4,5,6,7,8,9,10,11,12,13,14,15,16,17,18,19,20,21,22,23,24,25,26,27,28,29,30,31,32,33,34,35,36,37,38,39,40,41,42,43,44,45,55,56,57,58,59,60,61,62,63,64,65,66,67,68,69,70,71,75) and is_show=1 and parent_id=12 and ptype=2 ) ORDER BY rank,id  [ RunTime:0.0006s ]
SQL: SELECT * FROM `gb_menus` WHERE ( id in (1,2,3,4,5,6,7,8,9,10,11,12,13,14,15,16,17,18,19,20,21,22,23,24,25,26,27,28,29,30,31,32,33,34,35,36,37,38,39,40,41,42,43,44,45,55,56,57,58,59,60,61,62,63,64,65,66,67,68,69,70,71,75) and is_show=1 and parent_id=3 and ptype=1 ) ORDER BY rank,id  [ RunTime:0.0006s ]
SQL: SELECT * FROM `gb_menus` WHERE ( id in (1,2,3,4,5,6,7,8,9,10,11,12,13,14,15,16,17,18,19,20,21,22,23,24,25,26,27,28,29,30,31,32,33,34,35,36,37,38,39,40,41,42,43,44,45,55,56,57,58,59,60,61,62,63,64,65,66,67,68,69,70,71,75) and is_show=1 and parent_id=13 and ptype=2 ) ORDER BY rank,id  [ RunTime:0.0006s ]
SQL: SELECT * FROM `gb_menus` WHERE ( id in (1,2,3,4,5,6,7,8,9,10,11,12,13,14,15,16,17,18,19,20,21,22,23,24,25,26,27,28,29,30,31,32,33,34,35,36,37,38,39,40,41,42,43,44,45,55,56,57,58,59,60,61,62,63,64,65,66,67,68,69,70,71,75) and is_show=1 and parent_id=14 and ptype=2 ) ORDER BY rank,id  [ RunTime:0.0006s ]
SQL: SELECT * FROM `gb_menus` WHERE ( id in (1,2,3,4,5,6,7,8,9,10,11,12,13,14,15,16,17,18,19,20,21,22,23,24,25,26,27,28,29,30,31,32,33,34,35,36,37,38,39,40,41,42,43,44,45,55,56,57,58,59,60,61,62,63,64,65,66,67,68,69,70,71,75) and is_show=1 and parent_id=4 and ptype=1 ) ORDER BY rank,id  [ RunTime:0.0007s ]
SQL: SELECT * FROM `gb_menus` WHERE ( id in (1,2,3,4,5,6,7,8,9,10,11,12,13,14,15,16,17,18,19,20,21,22,23,24,25,26,27,28,29,30,31,32,33,34,35,36,37,38,39,40,41,42,43,44,45,55,56,57,58,59,60,61,62,63,64,65,66,67,68,69,70,71,75) and is_show=1 and parent_id=16 and ptype=2 ) ORDER BY rank,id  [ RunTime:0.0006s ]
SQL: SELECT * FROM `gb_menus` WHERE ( id in (1,2,3,4,5,6,7,8,9,10,11,12,13,14,15,16,17,18,19,20,21,22,23,24,25,26,27,28,29,30,31,32,33,34,35,36,37,38,39,40,41,42,43,44,45,55,56,57,58,59,60,61,62,63,64,65,66,67,68,69,70,71,75) and is_show=1 and parent_id=15 and ptype=2 ) ORDER BY rank,id  [ RunTime:0.0006s ]
SQL: SELECT * FROM `gb_menus` WHERE ( id in (1,2,3,4,5,6,7,8,9,10,11,12,13,14,15,16,17,18,19,20,21,22,23,24,25,26,27,28,29,30,31,32,33,34,35,36,37,38,39,40,41,42,43,44,45,55,56,57,58,59,60,61,62,63,64,65,66,67,68,69,70,71,75) and is_show=1 and parent_id=17 and ptype=2 ) ORDER BY rank,id  [ RunTime:0.0006s ]
SQL: SELECT * FROM `gb_menus` WHERE ( id in (1,2,3,4,5,6,7,8,9,10,11,12,13,14,15,16,17,18,19,20,21,22,23,24,25,26,27,28,29,30,31,32,33,34,35,36,37,38,39,40,41,42,43,44,45,55,56,57,58,59,60,61,62,63,64,65,66,67,68,69,70,71,75) and is_show=1 and parent_id=5 and ptype=1 ) ORDER BY rank,id  [ RunTime:0.0006s ]
SQL: SELECT * FROM `gb_menus` WHERE ( id in (1,2,3,4,5,6,7,8,9,10,11,12,13,14,15,16,17,18,19,20,21,22,23,24,25,26,27,28,29,30,31,32,33,34,35,36,37,38,39,40,41,42,43,44,45,55,56,57,58,59,60,61,62,63,64,65,66,67,68,69,70,71,75) and is_show=1 and parent_id=19 and ptype=2 ) ORDER BY rank,id  [ RunTime:0.0006s ]
SQL: SELECT * FROM `gb_menus` WHERE ( id in (1,2,3,4,5,6,7,8,9,10,11,12,13,14,15,16,17,18,19,20,21,22,23,24,25,26,27,28,29,30,31,32,33,34,35,36,37,38,39,40,41,42,43,44,45,55,56,57,58,59,60,61,62,63,64,65,66,67,68,69,70,71,75) and is_show=1 and parent_id=18 and ptype=2 ) ORDER BY rank,id  [ RunTime:0.0006s ]
SQL: SELECT * FROM `gb_menus` WHERE ( id in (1,2,3,4,5,6,7,8,9,10,11,12,13,14,15,16,17,18,19,20,21,22,23,24,25,26,27,28,29,30,31,32,33,34,35,36,37,38,39,40,41,42,43,44,45,55,56,57,58,59,60,61,62,63,64,65,66,67,68,69,70,71,75) and is_show=1 and parent_id=20 and ptype=2 ) ORDER BY rank,id  [ RunTime:0.0006s ]
SQL: SELECT * FROM `gb_menus` WHERE ( id in (1,2,3,4,5,6,7,8,9,10,11,12,13,14,15,16,17,18,19,20,21,22,23,24,25,26,27,28,29,30,31,32,33,34,35,36,37,38,39,40,41,42,43,44,45,55,56,57,58,59,60,61,62,63,64,65,66,67,68,69,70,71,75) and is_show=1 and parent_id=6 and ptype=1 ) ORDER BY rank,id  [ RunTime:0.0006s ]
SQL: SELECT * FROM `gb_menus` WHERE ( id in (1,2,3,4,5,6,7,8,9,10,11,12,13,14,15,16,17,18,19,20,21,22,23,24,25,26,27,28,29,30,31,32,33,34,35,36,37,38,39,40,41,42,43,44,45,55,56,57,58,59,60,61,62,63,64,65,66,67,68,69,70,71,75) and is_show=1 and parent_id=21 and ptype=2 ) ORDER BY rank,id  [ RunTime:0.0006s ]
SQL: SELECT * FROM `gb_menus` WHERE ( id in (1,2,3,4,5,6,7,8,9,10,11,12,13,14,15,16,17,18,19,20,21,22,23,24,25,26,27,28,29,30,31,32,33,34,35,36,37,38,39,40,41,42,43,44,45,55,56,57,58,59,60,61,62,63,64,65,66,67,68,69,70,71,75) and is_show=1 and parent_id=45 and ptype=2 ) ORDER BY rank,id  [ RunTime:0.0006s ]
SQL: SHOW COLUMNS FROM `gb_mall` [ RunTime:0.0152s ]
SQL: SELECT * FROM `gb_mall` WHERE ( is_del=0 )  [ RunTime:0.0005s ]
SQL: SELECT * FROM `gb_menus` WHERE ( id in (1,2,3,4,5,6,7,8,9,10,11,12,13,14,15,16,17,18,19,20,21,22,23,24,25,26,27,28,29,30,31,32,33,34,35,36,37,38,39,40,41,42,43,44,45,55,56,57,58,59,60,61,62,63,64,65,66,67,68,69,70,71,75) and is_show=1 and parent_id=7 and ptype=1 ) ORDER BY rank,id  [ RunTime:0.0007s ]
SQL: SELECT * FROM `gb_menus` WHERE ( id in (1,2,3,4,5,6,7,8,9,10,11,12,13,14,15,16,17,18,19,20,21,22,23,24,25,26,27,28,29,30,31,32,33,34,35,36,37,38,39,40,41,42,43,44,45,55,56,57,58,59,60,61,62,63,64,65,66,67,68,69,70,71,75) and is_show=1 and parent_id=24 and ptype=2 ) ORDER BY rank,id  [ RunTime:0.0007s ]
SQL: SELECT * FROM `gb_menus` WHERE ( id in (1,2,3,4,5,6,7,8,9,10,11,12,13,14,15,16,17,18,19,20,21,22,23,24,25,26,27,28,29,30,31,32,33,34,35,36,37,38,39,40,41,42,43,44,45,55,56,57,58,59,60,61,62,63,64,65,66,67,68,69,70,71,75) and is_show=1 and parent_id=25 and ptype=2 ) ORDER BY rank,id  [ RunTime:0.0009s ]
SQL: SELECT * FROM `gb_menus` WHERE ( id in (1,2,3,4,5,6,7,8,9,10,11,12,13,14,15,16,17,18,19,20,21,22,23,24,25,26,27,28,29,30,31,32,33,34,35,36,37,38,39,40,41,42,43,44,45,55,56,57,58,59,60,61,62,63,64,65,66,67,68,69,70,71,75) and is_show=1 and parent_id=26 and ptype=2 ) ORDER BY rank,id  [ RunTime:0.0009s ]
SQL: SELECT * FROM `gb_menus` WHERE ( id in (1,2,3,4,5,6,7,8,9,10,11,12,13,14,15,16,17,18,19,20,21,22,23,24,25,26,27,28,29,30,31,32,33,34,35,36,37,38,39,40,41,42,43,44,45,55,56,57,58,59,60,61,62,63,64,65,66,67,68,69,70,71,75) and is_show=1 and parent_id=27 and ptype=2 ) ORDER BY rank,id  [ RunTime:0.0009s ]
SQL: SELECT * FROM `gb_menus` WHERE ( id in (1,2,3,4,5,6,7,8,9,10,11,12,13,14,15,16,17,18,19,20,21,22,23,24,25,26,27,28,29,30,31,32,33,34,35,36,37,38,39,40,41,42,43,44,45,55,56,57,58,59,60,61,62,63,64,65,66,67,68,69,70,71,75) and is_show=1 and parent_id=28 and ptype=2 ) ORDER BY rank,id  [ RunTime:0.0011s ]
SQL: SELECT * FROM `gb_menus` WHERE ( id in (1,2,3,4,5,6,7,8,9,10,11,12,13,14,15,16,17,18,19,20,21,22,23,24,25,26,27,28,29,30,31,32,33,34,35,36,37,38,39,40,41,42,43,44,45,55,56,57,58,59,60,61,62,63,64,65,66,67,68,69,70,71,75) and is_show=1 and parent_id=29 and ptype=2 ) ORDER BY rank,id  [ RunTime:0.0007s ]
SQL: SELECT * FROM `gb_menus` WHERE ( id in (1,2,3,4,5,6,7,8,9,10,11,12,13,14,15,16,17,18,19,20,21,22,23,24,25,26,27,28,29,30,31,32,33,34,35,36,37,38,39,40,41,42,43,44,45,55,56,57,58,59,60,61,62,63,64,65,66,67,68,69,70,71,75) and is_show=1 and parent_id=30 and ptype=2 ) ORDER BY rank,id  [ RunTime:0.0006s ]
SQL: SELECT * FROM `gb_menus` WHERE ( id in (1,2,3,4,5,6,7,8,9,10,11,12,13,14,15,16,17,18,19,20,21,22,23,24,25,26,27,28,29,30,31,32,33,34,35,36,37,38,39,40,41,42,43,44,45,55,56,57,58,59,60,61,62,63,64,65,66,67,68,69,70,71,75) and is_show=1 and parent_id=8 and ptype=1 ) ORDER BY rank,id  [ RunTime:0.0006s ]
SQL: SELECT * FROM `gb_menus` WHERE ( id in (1,2,3,4,5,6,7,8,9,10,11,12,13,14,15,16,17,18,19,20,21,22,23,24,25,26,27,28,29,30,31,32,33,34,35,36,37,38,39,40,41,42,43,44,45,55,56,57,58,59,60,61,62,63,64,65,66,67,68,69,70,71,75) and is_show=1 and parent_id=34 and ptype=2 ) ORDER BY rank,id  [ RunTime:0.0006s ]
SQL: SELECT * FROM `gb_menus` WHERE ( id in (1,2,3,4,5,6,7,8,9,10,11,12,13,14,15,16,17,18,19,20,21,22,23,24,25,26,27,28,29,30,31,32,33,34,35,36,37,38,39,40,41,42,43,44,45,55,56,57,58,59,60,61,62,63,64,65,66,67,68,69,70,71,75) and is_show=1 and parent_id=35 and ptype=2 ) ORDER BY rank,id  [ RunTime:0.0006s ]
SQL: SELECT * FROM `gb_menus` WHERE ( id in (1,2,3,4,5,6,7,8,9,10,11,12,13,14,15,16,17,18,19,20,21,22,23,24,25,26,27,28,29,30,31,32,33,34,35,36,37,38,39,40,41,42,43,44,45,55,56,57,58,59,60,61,62,63,64,65,66,67,68,69,70,71,75) and is_show=1 and parent_id=36 and ptype=2 ) ORDER BY rank,id  [ RunTime:0.0006s ]
SQL: SELECT * FROM `gb_menus` WHERE ( id in (1,2,3,4,5,6,7,8,9,10,11,12,13,14,15,16,17,18,19,20,21,22,23,24,25,26,27,28,29,30,31,32,33,34,35,36,37,38,39,40,41,42,43,44,45,55,56,57,58,59,60,61,62,63,64,65,66,67,68,69,70,71,75) and is_show=1 and parent_id=39 and ptype=1 ) ORDER BY rank,id  [ RunTime:0.0007s ]
SQL: SELECT * FROM `gb_menus` WHERE ( id in (1,2,3,4,5,6,7,8,9,10,11,12,13,14,15,16,17,18,19,20,21,22,23,24,25,26,27,28,29,30,31,32,33,34,35,36,37,38,39,40,41,42,43,44,45,55,56,57,58,59,60,61,62,63,64,65,66,67,68,69,70,71,75) and is_show=1 and parent_id=40 and ptype=2 ) ORDER BY rank,id  [ RunTime:0.0006s ]
SQL: SELECT * FROM `gb_menus` WHERE ( id in (1,2,3,4,5,6,7,8,9,10,11,12,13,14,15,16,17,18,19,20,21,22,23,24,25,26,27,28,29,30,31,32,33,34,35,36,37,38,39,40,41,42,43,44,45,55,56,57,58,59,60,61,62,63,64,65,66,67,68,69,70,71,75) and is_show=1 and parent_id=41 and ptype=2 ) ORDER BY rank,id  [ RunTime:0.0006s ]
SQL: SELECT * FROM `gb_menus` WHERE ( id in (1,2,3,4,5,6,7,8,9,10,11,12,13,14,15,16,17,18,19,20,21,22,23,24,25,26,27,28,29,30,31,32,33,34,35,36,37,38,39,40,41,42,43,44,45,55,56,57,58,59,60,61,62,63,64,65,66,67,68,69,70,71,75) and is_show=1 and parent_id=42 and ptype=2 ) ORDER BY rank,id  [ RunTime:0.0006s ]
SQL: SELECT * FROM `gb_menus` WHERE ( id in (1,2,3,4,5,6,7,8,9,10,11,12,13,14,15,16,17,18,19,20,21,22,23,24,25,26,27,28,29,30,31,32,33,34,35,36,37,38,39,40,41,42,43,44,45,55,56,57,58,59,60,61,62,63,64,65,66,67,68,69,70,71,75) and is_show=1 and parent_id=43 and ptype=2 ) ORDER BY rank,id  [ RunTime:0.0006s ]
NOTIC: [8] Undefined index: sub_menus E:\por\oa\Common\Common\Controller\AdminBaseController.class.php 第 235 行.
NOTIC: [8] Undefined index: sub_menus E:\por\oa\Common\Common\Controller\AdminBaseController.class.php 第 235 行.
NOTIC: [8] Undefined index: sub_menus E:\por\oa\Common\Common\Controller\AdminBaseController.class.php 第 235 行.
NOTIC: [8] Undefined index: sub_menus E:\por\oa\Common\Common\Controller\AdminBaseController.class.php 第 235 行.
NOTIC: [8] Undefined index: sub_menus E:\por\oa\Common\Common\Controller\AdminBaseController.class.php 第 235 行.
NOTIC: [8] Undefined index: sub_menus E:\por\oa\Common\Common\Controller\AdminBaseController.class.php 第 235 行.
SQL: SHOW COLUMNS FROM `gb_items` [ RunTime:0.0432s ]
SQL: SHOW COLUMNS FROM `gb_items` [ RunTime:0.0074s ]
SQL: SELECT COUNT(*) AS tp_count FROM `gb_items` WHERE ( is_del=1 ) LIMIT 1   [ RunTime:0.0004s ]
SQL: SELECT COUNT(*) AS tp_count FROM `gb_items` WHERE ( is_del=0 ) LIMIT 1   [ RunTime:0.0003s ]
SQL: SELECT COUNT(*) AS tp_count FROM `gb_items` WHERE ( is_del=0 and is_over=1 ) LIMIT 1   [ RunTime:0.0003s ]
SQL: SELECT COUNT(*) AS tp_count FROM `gb_items` WHERE ( is_del=0 and is_over=0 ) LIMIT 1   [ RunTime:0.0003s ]
SQL: SELECT COUNT(*) AS tp_count FROM `gb_items` WHERE ( is_del=0 and (create_time<=1477324800 and create_time>=1477411199) ) LIMIT 1   [ RunTime:0.0005s ]
SQL: SHOW COLUMNS FROM `gb_products` [ RunTime:0.0778s ]
SQL: SELECT * FROM `gb_products` WHERE ( status<3 ) ORDER BY status asc,create_time desc LIMIT 5   [ RunTime:0.0006s ]
SQL: SHOW COLUMNS FROM `gb_product_order` [ RunTime:0.0354s ]
SQL: SELECT a.*,p.name,p.code,p.number FROM gb_product_order a left join gb_products p on p.id=a.product_id  WHERE ( a.is_del=0 ) ORDER BY a.update_time desc LIMIT 5   [ RunTime:0.0006s ]
SQL: SHOW COLUMNS FROM `gb_ptypes` [ RunTime:0.0428s ]
SQL: SELECT * FROM `gb_ptypes` WHERE ( id=3 )  [ RunTime:0.0004s ]
SQL: SHOW COLUMNS FROM `gb_product_pic` [ RunTime:0.0276s ]
SQL: SELECT a.*,p.name,p.code,p.number FROM gb_product_pic a left join gb_products p on p.id=a.product_id  WHERE ( a.is_over=0 )  [ RunTime:0.0004s ]
SQL: SELECT a.id,a.admin_user_id,a.msg,a.create_time,ifnull(u.name,u.username) as username,u.head_pic FROM gb_deport_message a left join gb_admin_user u on u.id=a.admin_user_id  WHERE ( a.create_time>=1477119236 or a.deport_id=0 ) ORDER BY a.create_time desc  [ RunTime:0.0003s ]
INFO: [ view_parse ] --START--
INFO: [ template_filter ] --START--
INFO: Run Behavior\ContentReplaceBehavior [ RunTime:0.000203s ]
INFO: [ template_filter ] --END-- [ RunTime:0.000263s ]
NOTIC: [8] Undefined index: first_code E:\por\oa\Runtime\Cache\Home\2f412aae274b751dca883838bf7e7502.php 第 311 行.
NOTIC: [8] Undefined index: sub_menus E:\por\oa\Runtime\Cache\Home\2f412aae274b751dca883838bf7e7502.php 第 312 行.
NOTIC: [8] Undefined index: sub_menus E:\por\oa\Runtime\Cache\Home\2f412aae274b751dca883838bf7e7502.php 第 315 行.
NOTIC: [8] Undefined index: sub_menus E:\por\oa\Runtime\Cache\Home\2f412aae274b751dca883838bf7e7502.php 第 318 行.
NOTIC: [8] Undefined index: first_code E:\por\oa\Runtime\Cache\Home\2f412aae274b751dca883838bf7e7502.php 第 311 行.
NOTIC: [8] Undefined index: sub_menus E:\por\oa\Runtime\Cache\Home\2f412aae274b751dca883838bf7e7502.php 第 312 行.
NOTIC: [8] Undefined index: sub_menus E:\por\oa\Runtime\Cache\Home\2f412aae274b751dca883838bf7e7502.php 第 315 行.
NOTIC: [8] Undefined index: sub_menus E:\por\oa\Runtime\Cache\Home\2f412aae274b751dca883838bf7e7502.php 第 318 行.
NOTIC: [8] Undefined index: first_code E:\por\oa\Runtime\Cache\Home\2f412aae274b751dca883838bf7e7502.php 第 311 行.
NOTIC: [8] Undefined index: sub_menus E:\por\oa\Runtime\Cache\Home\2f412aae274b751dca883838bf7e7502.php 第 312 行.
NOTIC: [8] Undefined index: sub_menus E:\por\oa\Runtime\Cache\Home\2f412aae274b751dca883838bf7e7502.php 第 315 行.
NOTIC: [8] Undefined index: sub_menus E:\por\oa\Runtime\Cache\Home\2f412aae274b751dca883838bf7e7502.php 第 318 行.
NOTIC: [8] Undefined index: first_code E:\por\oa\Runtime\Cache\Home\2f412aae274b751dca883838bf7e7502.php 第 311 行.
NOTIC: [8] Undefined index: sub_menus E:\por\oa\Runtime\Cache\Home\2f412aae274b751dca883838bf7e7502.php 第 312 行.
NOTIC: [8] Undefined index: sub_menus E:\por\oa\Runtime\Cache\Home\2f412aae274b751dca883838bf7e7502.php 第 315 行.
NOTIC: [8] Undefined index: sub_menus E:\por\oa\Runtime\Cache\Home\2f412aae274b751dca883838bf7e7502.php 第 318 行.
NOTIC: [8] Undefined index: first_code E:\por\oa\Runtime\Cache\Home\2f412aae274b751dca883838bf7e7502.php 第 311 行.
NOTIC: [8] Undefined index: sub_menus E:\por\oa\Runtime\Cache\Home\2f412aae274b751dca883838bf7e7502.php 第 312 行.
NOTIC: [8] Undefined index: sub_menus E:\por\oa\Runtime\Cache\Home\2f412aae274b751dca883838bf7e7502.php 第 315 行.
NOTIC: [8] Undefined index: sub_menus E:\por\oa\Runtime\Cache\Home\2f412aae274b751dca883838bf7e7502.php 第 318 行.
NOTIC: [8] Undefined index: first_code E:\por\oa\Runtime\Cache\Home\2f412aae274b751dca883838bf7e7502.php 第 311 行.
NOTIC: [8] Undefined index: sub_menus E:\por\oa\Runtime\Cache\Home\2f412aae274b751dca883838bf7e7502.php 第 312 行.
NOTIC: [8] Undefined index: sub_menus E:\por\oa\Runtime\Cache\Home\2f412aae274b751dca883838bf7e7502.php 第 315 行.
NOTIC: [8] Undefined index: sub_menus E:\por\oa\Runtime\Cache\Home\2f412aae274b751dca883838bf7e7502.php 第 318 行.
NOTIC: [8] Undefined variable: locations E:\por\oa\Runtime\Cache\Home\2f412aae274b751dca883838bf7e7502.php 第 367 行.
NOTIC: [2] Invalid argument supplied for foreach() E:\por\oa\Runtime\Cache\Home\2f412aae274b751dca883838bf7e7502.php 第 367 行.
SQL: SELECT * FROM `gb_mall`  [ RunTime:0.0004s ]
SQL: SHOW COLUMNS FROM `gb_products` [ RunTime:0.0048s ]
SQL: SELECT * FROM `gb_products`  [ RunTime:0.0003s ]
SQL: SELECT * FROM `gb_product_pic` WHERE ( is_over=0 and is_del=0 ) GROUP BY product_id  [ RunTime:0.0002s ]
SQL: SHOW COLUMNS FROM `gb_product_order` [ RunTime:0.0035s ]
SQL: SELECT * FROM `gb_product_order` WHERE ( dh_time!=0 and is_del=0 )  [ RunTime:0.0003s ]
SQL: SELECT * FROM `gb_product_order` WHERE ( deliver_time!=0 and is_del=0 )  [ RunTime:0.0002s ]
SQL: SHOW COLUMNS FROM `gb_product_pic_status` [ RunTime:0.0481s ]
SQL: SELECT * FROM `gb_product_pic_status` WHERE ( ptype_status_id=1 ) GROUP BY product_pic_id  [ RunTime:0.0003s ]
SQL: SELECT * FROM `gb_product_pic_status` WHERE ( ptype_status_id=8 ) GROUP BY product_pic_id  [ RunTime:0.0002s ]
SQL: SELECT * FROM `gb_product_pic_status` WHERE ( ptype_status_id=6 ) GROUP BY product_pic_id  [ RunTime:0.0002s ]
SQL: SHOW COLUMNS FROM `gb_shop` [ RunTime:0.0392s ]
SQL: SELECT * FROM gb_shop a left join gb_count_info b on a.id=b.shop_id   WHERE ( b.mall_id=1 )  [ RunTime:0.0436s ]
SQL: SELECT * FROM gb_shop a left join gb_count_info b on a.id=b.shop_id   WHERE ( b.mall_id=2 )  [ RunTime:0.0006s ]
SQL: SELECT * FROM gb_shop a left join gb_count_info b on a.id=b.shop_id   WHERE ( b.mall_id=3 )  [ RunTime:0.0007s ]
SQL: SELECT * FROM gb_shop a left join gb_count_info b on a.id=b.shop_id   WHERE ( b.mall_id=4 )  [ RunTime:0.0011s ]
SQL: SELECT * FROM gb_shop a left join gb_count_info b on a.id=b.shop_id   WHERE ( b.mall_id=5 )  [ RunTime:0.0008s ]
SQL: SELECT * FROM gb_shop a left join gb_count_info b on a.id=b.shop_id   WHERE ( b.mall_id=6 )  [ RunTime:0.0007s ]
SQL: SELECT * FROM gb_shop a left join gb_count_info b on a.id=b.shop_id left join gb_products p on b.product_id=p.id  WHERE ( b.mall_id=1 and p.status=1 )  [ RunTime:0.0010s ]
SQL: SELECT * FROM gb_shop a left join gb_count_info b on a.id=b.shop_id left join gb_products p on b.product_id=p.id  WHERE ( b.mall_id=2 and p.status=1 )  [ RunTime:0.0009s ]
SQL: SELECT * FROM gb_shop a left join gb_count_info b on a.id=b.shop_id left join gb_products p on b.product_id=p.id  WHERE ( b.mall_id=3 and p.status=1 )  [ RunTime:0.0008s ]
SQL: SELECT * FROM gb_shop a left join gb_count_info b on a.id=b.shop_id left join gb_products p on b.product_id=p.id  WHERE ( b.mall_id=4 and p.status=1 )  [ RunTime:0.0008s ]
SQL: SELECT * FROM gb_shop a left join gb_count_info b on a.id=b.shop_id left join gb_products p on b.product_id=p.id  WHERE ( b.mall_id=5 and p.status=1 )  [ RunTime:0.0010s ]
SQL: SELECT * FROM gb_shop a left join gb_count_info b on a.id=b.shop_id left join gb_products p on b.product_id=p.id  WHERE ( b.mall_id=6 and p.status=1 )  [ RunTime:0.0011s ]
NOTIC: [8] Undefined variable: is_kindeditor E:\por\oa\Runtime\Cache\Home\2f412aae274b751dca883838bf7e7502.php 第 931 行.
INFO: Run Behavior\ParseTemplateBehavior [ RunTime:0.329476s ]
INFO: [ view_parse ] --END-- [ RunTime:0.329601s ]
INFO: [ view_filter ] --START--
INFO: Run Behavior\WriteHtmlCacheBehavior [ RunTime:0.000890s ]
INFO: [ view_filter ] --END-- [ RunTime:0.000989s ]
INFO: [ app_end ] --START--
INFO: Run Behavior\ShowPageTraceBehavior [ RunTime:0.001060s ]
INFO: [ app_end ] --END-- [ RunTime:0.001178s ]

[ 2016-10-25T14:54:04+08:00 ] 127.0.0.1 /index.php/Home/Login/login.html
INFO: [ app_init ] --START--
INFO: Run Behavior\BuildLiteBehavior [ RunTime:0.000016s ]
INFO: [ app_init ] --END-- [ RunTime:0.000450s ]
INFO: [ app_begin ] --START--
INFO: Run Behavior\ReadHtmlCacheBehavior [ RunTime:0.000608s ]
INFO: [ app_begin ] --END-- [ RunTime:0.000673s ]
SQL: SHOW COLUMNS FROM `gb_admin_user` [ RunTime:0.0047s ]
SQL: SELECT * FROM `gb_admin_user` WHERE ( username='admin' ) LIMIT 1   [ RunTime:0.0004s ]
NOTIC: [8] Undefined index: is_lock E:\por\oa\Home\Model\AdminUserModel.class.php 第 15 行.

[ 2016-10-25T14:54:05+08:00 ] 127.0.0.1 /index.php/Home/Index/index.html
INFO: [ app_init ] --START--
INFO: Run Behavior\BuildLiteBehavior [ RunTime:0.000016s ]
INFO: [ app_init ] --END-- [ RunTime:0.000467s ]
INFO: [ app_begin ] --START--
INFO: Run Behavior\ReadHtmlCacheBehavior [ RunTime:0.000630s ]
INFO: [ app_begin ] --END-- [ RunTime:0.000690s ]
SQL: SHOW COLUMNS FROM `gb_admin_user` [ RunTime:0.0043s ]
SQL: SELECT * FROM `gb_admin_user` WHERE ( id=1 ) LIMIT 1   [ RunTime:0.0004s ]
NOTIC: [8] Undefined index: is_lock E:\por\oa\Common\Common\Controller\AdminBaseController.class.php 第 16 行.
SQL: SHOW COLUMNS FROM `gb_roles` [ RunTime:0.0061s ]
SQL: SELECT * FROM `gb_roles` WHERE ( id=1 ) LIMIT 1   [ RunTime:0.0004s ]
SQL: SHOW COLUMNS FROM `gb_deport` [ RunTime:0.0057s ]
SQL: SELECT * FROM `gb_deport` WHERE ( id=1 ) LIMIT 1   [ RunTime:0.0003s ]
SQL: SHOW COLUMNS FROM `gb_admin_user_show` [ RunTime:0.0047s ]
SQL: SELECT * FROM `gb_admin_user_show` WHERE ( admin_user_id=1 and is_background=0 )  [ RunTime:0.0003s ]
SQL: SELECT * FROM `gb_admin_user_show` WHERE ( admin_user_id=1 and is_background=1 ) LIMIT 1   [ RunTime:0.0003s ]
SQL: SHOW COLUMNS FROM `gb_deport_message` [ RunTime:0.0041s ]
SQL: SELECT a.msg,a.create_time,ifnull(u.name,u.username) as username,u.head_pic FROM gb_deport_message a left join gb_admin_user u on u.id=a.admin_user_id  WHERE ( a.create_time>=1476946445 ) ORDER BY a.create_time desc LIMIT 5   [ RunTime:0.0004s ]
NOTIC: [8] Undefined variable: user_info E:\por\oa\Common\Common\Controller\AdminBaseController.class.php 第 180 行.
SQL: SELECT * FROM `gb_roles` WHERE ( id=1 ) LIMIT 1   [ RunTime:0.0002s ]
SQL: SHOW COLUMNS FROM `gb_role_menus` [ RunTime:0.0032s ]
SQL: SELECT * FROM `gb_role_menus` WHERE ( role_id=1 )  [ RunTime:0.0004s ]
SQL: SHOW COLUMNS FROM `gb_menus` [ RunTime:0.0063s ]
SQL: SELECT * FROM `gb_menus` WHERE ( id in (1,2,3,4,5,6,7,8,9,10,11,12,13,14,15,16,17,18,19,20,21,22,23,24,25,26,27,28,29,30,31,32,33,34,35,36,37,38,39,40,41,42,43,44,45,55,56,57,58,59,60,61,62,63,64,65,66,67,68,69,70,71,75) and is_show=1 and ptype=0 ) ORDER BY rank,id  [ RunTime:0.0008s ]
SQL: SELECT * FROM `gb_menus` WHERE ( id in (1,2,3,4,5,6,7,8,9,10,11,12,13,14,15,16,17,18,19,20,21,22,23,24,25,26,27,28,29,30,31,32,33,34,35,36,37,38,39,40,41,42,43,44,45,55,56,57,58,59,60,61,62,63,64,65,66,67,68,69,70,71,75) and is_show=1 and parent_id=1 and ptype=1 ) ORDER BY rank,id  [ RunTime:0.0005s ]
SQL: SELECT * FROM `gb_menus` WHERE ( id in (1,2,3,4,5,6,7,8,9,10,11,12,13,14,15,16,17,18,19,20,21,22,23,24,25,26,27,28,29,30,31,32,33,34,35,36,37,38,39,40,41,42,43,44,45,55,56,57,58,59,60,61,62,63,64,65,66,67,68,69,70,71,75) and is_show=1 and parent_id=75 and ptype=1 ) ORDER BY rank,id  [ RunTime:0.0004s ]
SQL: SELECT * FROM `gb_menus` WHERE ( id in (1,2,3,4,5,6,7,8,9,10,11,12,13,14,15,16,17,18,19,20,21,22,23,24,25,26,27,28,29,30,31,32,33,34,35,36,37,38,39,40,41,42,43,44,45,55,56,57,58,59,60,61,62,63,64,65,66,67,68,69,70,71,75) and is_show=1 and parent_id=55 and ptype=1 ) ORDER BY rank,id  [ RunTime:0.0005s ]
SQL: SELECT * FROM `gb_menus` WHERE ( id in (1,2,3,4,5,6,7,8,9,10,11,12,13,14,15,16,17,18,19,20,21,22,23,24,25,26,27,28,29,30,31,32,33,34,35,36,37,38,39,40,41,42,43,44,45,55,56,57,58,59,60,61,62,63,64,65,66,67,68,69,70,71,75) and is_show=1 and parent_id=56 and ptype=2 ) ORDER BY rank,id  [ RunTime:0.0003s ]
SQL: SELECT * FROM `gb_menus` WHERE ( id in (1,2,3,4,5,6,7,8,9,10,11,12,13,14,15,16,17,18,19,20,21,22,23,24,25,26,27,28,29,30,31,32,33,34,35,36,37,38,39,40,41,42,43,44,45,55,56,57,58,59,60,61,62,63,64,65,66,67,68,69,70,71,75) and is_show=1 and parent_id=57 and ptype=2 ) ORDER BY rank,id  [ RunTime:0.0003s ]
SQL: SELECT * FROM `gb_menus` WHERE ( id in (1,2,3,4,5,6,7,8,9,10,11,12,13,14,15,16,17,18,19,20,21,22,23,24,25,26,27,28,29,30,31,32,33,34,35,36,37,38,39,40,41,42,43,44,45,55,56,57,58,59,60,61,62,63,64,65,66,67,68,69,70,71,75) and is_show=1 and parent_id=58 and ptype=2 ) ORDER BY rank,id  [ RunTime:0.0003s ]
SQL: SELECT * FROM `gb_menus` WHERE ( id in (1,2,3,4,5,6,7,8,9,10,11,12,13,14,15,16,17,18,19,20,21,22,23,24,25,26,27,28,29,30,31,32,33,34,35,36,37,38,39,40,41,42,43,44,45,55,56,57,58,59,60,61,62,63,64,65,66,67,68,69,70,71,75) and is_show=1 and parent_id=59 and ptype=2 ) ORDER BY rank,id  [ RunTime:0.0005s ]
SQL: SELECT * FROM `gb_menus` WHERE ( id in (1,2,3,4,5,6,7,8,9,10,11,12,13,14,15,16,17,18,19,20,21,22,23,24,25,26,27,28,29,30,31,32,33,34,35,36,37,38,39,40,41,42,43,44,45,55,56,57,58,59,60,61,62,63,64,65,66,67,68,69,70,71,75) and is_show=1 and parent_id=60 and ptype=2 ) ORDER BY rank,id  [ RunTime:0.0017s ]
SQL: SELECT * FROM `gb_menus` WHERE ( id in (1,2,3,4,5,6,7,8,9,10,11,12,13,14,15,16,17,18,19,20,21,22,23,24,25,26,27,28,29,30,31,32,33,34,35,36,37,38,39,40,41,42,43,44,45,55,56,57,58,59,60,61,62,63,64,65,66,67,68,69,70,71,75) and is_show=1 and parent_id=61 and ptype=2 ) ORDER BY rank,id  [ RunTime:0.0004s ]
SQL: SELECT * FROM `gb_menus` WHERE ( id in (1,2,3,4,5,6,7,8,9,10,11,12,13,14,15,16,17,18,19,20,21,22,23,24,25,26,27,28,29,30,31,32,33,34,35,36,37,38,39,40,41,42,43,44,45,55,56,57,58,59,60,61,62,63,64,65,66,67,68,69,70,71,75) and is_show=1 and parent_id=62 and ptype=2 ) ORDER BY rank,id  [ RunTime:0.0005s ]
SQL: SELECT * FROM `gb_menus` WHERE ( id in (1,2,3,4,5,6,7,8,9,10,11,12,13,14,15,16,17,18,19,20,21,22,23,24,25,26,27,28,29,30,31,32,33,34,35,36,37,38,39,40,41,42,43,44,45,55,56,57,58,59,60,61,62,63,64,65,66,67,68,69,70,71,75) and is_show=1 and parent_id=63 and ptype=2 ) ORDER BY rank,id  [ RunTime:0.0007s ]
SQL: SELECT * FROM `gb_menus` WHERE ( id in (1,2,3,4,5,6,7,8,9,10,11,12,13,14,15,16,17,18,19,20,21,22,23,24,25,26,27,28,29,30,31,32,33,34,35,36,37,38,39,40,41,42,43,44,45,55,56,57,58,59,60,61,62,63,64,65,66,67,68,69,70,71,75) and is_show=1 and parent_id=64 and ptype=2 ) ORDER BY rank,id  [ RunTime:0.0005s ]
SQL: SELECT * FROM `gb_menus` WHERE ( id in (1,2,3,4,5,6,7,8,9,10,11,12,13,14,15,16,17,18,19,20,21,22,23,24,25,26,27,28,29,30,31,32,33,34,35,36,37,38,39,40,41,42,43,44,45,55,56,57,58,59,60,61,62,63,64,65,66,67,68,69,70,71,75) and is_show=1 and parent_id=65 and ptype=2 ) ORDER BY rank,id  [ RunTime:0.0004s ]
SQL: SELECT * FROM `gb_menus` WHERE ( id in (1,2,3,4,5,6,7,8,9,10,11,12,13,14,15,16,17,18,19,20,21,22,23,24,25,26,27,28,29,30,31,32,33,34,35,36,37,38,39,40,41,42,43,44,45,55,56,57,58,59,60,61,62,63,64,65,66,67,68,69,70,71,75) and is_show=1 and parent_id=66 and ptype=2 ) ORDER BY rank,id  [ RunTime:0.0004s ]
SQL: SELECT * FROM `gb_menus` WHERE ( id in (1,2,3,4,5,6,7,8,9,10,11,12,13,14,15,16,17,18,19,20,21,22,23,24,25,26,27,28,29,30,31,32,33,34,35,36,37,38,39,40,41,42,43,44,45,55,56,57,58,59,60,61,62,63,64,65,66,67,68,69,70,71,75) and is_show=1 and parent_id=67 and ptype=2 ) ORDER BY rank,id  [ RunTime:0.0004s ]
SQL: SELECT * FROM `gb_menus` WHERE ( id in (1,2,3,4,5,6,7,8,9,10,11,12,13,14,15,16,17,18,19,20,21,22,23,24,25,26,27,28,29,30,31,32,33,34,35,36,37,38,39,40,41,42,43,44,45,55,56,57,58,59,60,61,62,63,64,65,66,67,68,69,70,71,75) and is_show=1 and parent_id=68 and ptype=2 ) ORDER BY rank,id  [ RunTime:0.0003s ]
SQL: SELECT * FROM `gb_menus` WHERE ( id in (1,2,3,4,5,6,7,8,9,10,11,12,13,14,15,16,17,18,19,20,21,22,23,24,25,26,27,28,29,30,31,32,33,34,35,36,37,38,39,40,41,42,43,44,45,55,56,57,58,59,60,61,62,63,64,65,66,67,68,69,70,71,75) and is_show=1 and parent_id=69 and ptype=2 ) ORDER BY rank,id  [ RunTime:0.0003s ]
SQL: SELECT * FROM `gb_menus` WHERE ( id in (1,2,3,4,5,6,7,8,9,10,11,12,13,14,15,16,17,18,19,20,21,22,23,24,25,26,27,28,29,30,31,32,33,34,35,36,37,38,39,40,41,42,43,44,45,55,56,57,58,59,60,61,62,63,64,65,66,67,68,69,70,71,75) and is_show=1 and parent_id=70 and ptype=2 ) ORDER BY rank,id  [ RunTime:0.0003s ]
SQL: SELECT * FROM `gb_menus` WHERE ( id in (1,2,3,4,5,6,7,8,9,10,11,12,13,14,15,16,17,18,19,20,21,22,23,24,25,26,27,28,29,30,31,32,33,34,35,36,37,38,39,40,41,42,43,44,45,55,56,57,58,59,60,61,62,63,64,65,66,67,68,69,70,71,75) and is_show=1 and parent_id=71 and ptype=2 ) ORDER BY rank,id  [ RunTime:0.0003s ]
SQL: SELECT * FROM `gb_menus` WHERE ( id in (1,2,3,4,5,6,7,8,9,10,11,12,13,14,15,16,17,18,19,20,21,22,23,24,25,26,27,28,29,30,31,32,33,34,35,36,37,38,39,40,41,42,43,44,45,55,56,57,58,59,60,61,62,63,64,65,66,67,68,69,70,71,75) and is_show=1 and parent_id=2 and ptype=1 ) ORDER BY rank,id  [ RunTime:0.0004s ]
SQL: SELECT * FROM `gb_menus` WHERE ( id in (1,2,3,4,5,6,7,8,9,10,11,12,13,14,15,16,17,18,19,20,21,22,23,24,25,26,27,28,29,30,31,32,33,34,35,36,37,38,39,40,41,42,43,44,45,55,56,57,58,59,60,61,62,63,64,65,66,67,68,69,70,71,75) and is_show=1 and parent_id=9 and ptype=2 ) ORDER BY rank,id  [ RunTime:0.0005s ]
SQL: SELECT * FROM `gb_menus` WHERE ( id in (1,2,3,4,5,6,7,8,9,10,11,12,13,14,15,16,17,18,19,20,21,22,23,24,25,26,27,28,29,30,31,32,33,34,35,36,37,38,39,40,41,42,43,44,45,55,56,57,58,59,60,61,62,63,64,65,66,67,68,69,70,71,75) and is_show=1 and parent_id=10 and ptype=2 ) ORDER BY rank,id  [ RunTime:0.0006s ]
SQL: SELECT * FROM `gb_menus` WHERE ( id in (1,2,3,4,5,6,7,8,9,10,11,12,13,14,15,16,17,18,19,20,21,22,23,24,25,26,27,28,29,30,31,32,33,34,35,36,37,38,39,40,41,42,43,44,45,55,56,57,58,59,60,61,62,63,64,65,66,67,68,69,70,71,75) and is_show=1 and parent_id=11 and ptype=2 ) ORDER BY rank,id  [ RunTime:0.0005s ]
SQL: SELECT * FROM `gb_menus` WHERE ( id in (1,2,3,4,5,6,7,8,9,10,11,12,13,14,15,16,17,18,19,20,21,22,23,24,25,26,27,28,29,30,31,32,33,34,35,36,37,38,39,40,41,42,43,44,45,55,56,57,58,59,60,61,62,63,64,65,66,67,68,69,70,71,75) and is_show=1 and parent_id=12 and ptype=2 ) ORDER BY rank,id  [ RunTime:0.0004s ]
SQL: SELECT * FROM `gb_menus` WHERE ( id in (1,2,3,4,5,6,7,8,9,10,11,12,13,14,15,16,17,18,19,20,21,22,23,24,25,26,27,28,29,30,31,32,33,34,35,36,37,38,39,40,41,42,43,44,45,55,56,57,58,59,60,61,62,63,64,65,66,67,68,69,70,71,75) and is_show=1 and parent_id=3 and ptype=1 ) ORDER BY rank,id  [ RunTime:0.0004s ]
SQL: SELECT * FROM `gb_menus` WHERE ( id in (1,2,3,4,5,6,7,8,9,10,11,12,13,14,15,16,17,18,19,20,21,22,23,24,25,26,27,28,29,30,31,32,33,34,35,36,37,38,39,40,41,42,43,44,45,55,56,57,58,59,60,61,62,63,64,65,66,67,68,69,70,71,75) and is_show=1 and parent_id=13 and ptype=2 ) ORDER BY rank,id  [ RunTime:0.0004s ]
SQL: SELECT * FROM `gb_menus` WHERE ( id in (1,2,3,4,5,6,7,8,9,10,11,12,13,14,15,16,17,18,19,20,21,22,23,24,25,26,27,28,29,30,31,32,33,34,35,36,37,38,39,40,41,42,43,44,45,55,56,57,58,59,60,61,62,63,64,65,66,67,68,69,70,71,75) and is_show=1 and parent_id=14 and ptype=2 ) ORDER BY rank,id  [ RunTime:0.0003s ]
SQL: SELECT * FROM `gb_menus` WHERE ( id in (1,2,3,4,5,6,7,8,9,10,11,12,13,14,15,16,17,18,19,20,21,22,23,24,25,26,27,28,29,30,31,32,33,34,35,36,37,38,39,40,41,42,43,44,45,55,56,57,58,59,60,61,62,63,64,65,66,67,68,69,70,71,75) and is_show=1 and parent_id=4 and ptype=1 ) ORDER BY rank,id  [ RunTime:0.0003s ]
SQL: SELECT * FROM `gb_menus` WHERE ( id in (1,2,3,4,5,6,7,8,9,10,11,12,13,14,15,16,17,18,19,20,21,22,23,24,25,26,27,28,29,30,31,32,33,34,35,36,37,38,39,40,41,42,43,44,45,55,56,57,58,59,60,61,62,63,64,65,66,67,68,69,70,71,75) and is_show=1 and parent_id=16 and ptype=2 ) ORDER BY rank,id  [ RunTime:0.0003s ]
SQL: SELECT * FROM `gb_menus` WHERE ( id in (1,2,3,4,5,6,7,8,9,10,11,12,13,14,15,16,17,18,19,20,21,22,23,24,25,26,27,28,29,30,31,32,33,34,35,36,37,38,39,40,41,42,43,44,45,55,56,57,58,59,60,61,62,63,64,65,66,67,68,69,70,71,75) and is_show=1 and parent_id=15 and ptype=2 ) ORDER BY rank,id  [ RunTime:0.0003s ]
SQL: SELECT * FROM `gb_menus` WHERE ( id in (1,2,3,4,5,6,7,8,9,10,11,12,13,14,15,16,17,18,19,20,21,22,23,24,25,26,27,28,29,30,31,32,33,34,35,36,37,38,39,40,41,42,43,44,45,55,56,57,58,59,60,61,62,63,64,65,66,67,68,69,70,71,75) and is_show=1 and parent_id=17 and ptype=2 ) ORDER BY rank,id  [ RunTime:0.0006s ]
SQL: SELECT * FROM `gb_menus` WHERE ( id in (1,2,3,4,5,6,7,8,9,10,11,12,13,14,15,16,17,18,19,20,21,22,23,24,25,26,27,28,29,30,31,32,33,34,35,36,37,38,39,40,41,42,43,44,45,55,56,57,58,59,60,61,62,63,64,65,66,67,68,69,70,71,75) and is_show=1 and parent_id=5 and ptype=1 ) ORDER BY rank,id  [ RunTime:0.0004s ]
SQL: SELECT * FROM `gb_menus` WHERE ( id in (1,2,3,4,5,6,7,8,9,10,11,12,13,14,15,16,17,18,19,20,21,22,23,24,25,26,27,28,29,30,31,32,33,34,35,36,37,38,39,40,41,42,43,44,45,55,56,57,58,59,60,61,62,63,64,65,66,67,68,69,70,71,75) and is_show=1 and parent_id=19 and ptype=2 ) ORDER BY rank,id  [ RunTime:0.0003s ]
SQL: SELECT * FROM `gb_menus` WHERE ( id in (1,2,3,4,5,6,7,8,9,10,11,12,13,14,15,16,17,18,19,20,21,22,23,24,25,26,27,28,29,30,31,32,33,34,35,36,37,38,39,40,41,42,43,44,45,55,56,57,58,59,60,61,62,63,64,65,66,67,68,69,70,71,75) and is_show=1 and parent_id=18 and ptype=2 ) ORDER BY rank,id  [ RunTime:0.0003s ]
SQL: SELECT * FROM `gb_menus` WHERE ( id in (1,2,3,4,5,6,7,8,9,10,11,12,13,14,15,16,17,18,19,20,21,22,23,24,25,26,27,28,29,30,31,32,33,34,35,36,37,38,39,40,41,42,43,44,45,55,56,57,58,59,60,61,62,63,64,65,66,67,68,69,70,71,75) and is_show=1 and parent_id=20 and ptype=2 ) ORDER BY rank,id  [ RunTime:0.0003s ]
SQL: SELECT * FROM `gb_menus` WHERE ( id in (1,2,3,4,5,6,7,8,9,10,11,12,13,14,15,16,17,18,19,20,21,22,23,24,25,26,27,28,29,30,31,32,33,34,35,36,37,38,39,40,41,42,43,44,45,55,56,57,58,59,60,61,62,63,64,65,66,67,68,69,70,71,75) and is_show=1 and parent_id=6 and ptype=1 ) ORDER BY rank,id  [ RunTime:0.0004s ]
SQL: SELECT * FROM `gb_menus` WHERE ( id in (1,2,3,4,5,6,7,8,9,10,11,12,13,14,15,16,17,18,19,20,21,22,23,24,25,26,27,28,29,30,31,32,33,34,35,36,37,38,39,40,41,42,43,44,45,55,56,57,58,59,60,61,62,63,64,65,66,67,68,69,70,71,75) and is_show=1 and parent_id=21 and ptype=2 ) ORDER BY rank,id  [ RunTime:0.0005s ]
SQL: SELECT * FROM `gb_menus` WHERE ( id in (1,2,3,4,5,6,7,8,9,10,11,12,13,14,15,16,17,18,19,20,21,22,23,24,25,26,27,28,29,30,31,32,33,34,35,36,37,38,39,40,41,42,43,44,45,55,56,57,58,59,60,61,62,63,64,65,66,67,68,69,70,71,75) and is_show=1 and parent_id=45 and ptype=2 ) ORDER BY rank,id  [ RunTime:0.0006s ]
SQL: SHOW COLUMNS FROM `gb_mall` [ RunTime:0.0041s ]
SQL: SELECT * FROM `gb_mall` WHERE ( is_del=0 )  [ RunTime:0.0003s ]
SQL: SELECT * FROM `gb_menus` WHERE ( id in (1,2,3,4,5,6,7,8,9,10,11,12,13,14,15,16,17,18,19,20,21,22,23,24,25,26,27,28,29,30,31,32,33,34,35,36,37,38,39,40,41,42,43,44,45,55,56,57,58,59,60,61,62,63,64,65,66,67,68,69,70,71,75) and is_show=1 and parent_id=7 and ptype=1 ) ORDER BY rank,id  [ RunTime:0.0005s ]
SQL: SELECT * FROM `gb_menus` WHERE ( id in (1,2,3,4,5,6,7,8,9,10,11,12,13,14,15,16,17,18,19,20,21,22,23,24,25,26,27,28,29,30,31,32,33,34,35,36,37,38,39,40,41,42,43,44,45,55,56,57,58,59,60,61,62,63,64,65,66,67,68,69,70,71,75) and is_show=1 and parent_id=24 and ptype=2 ) ORDER BY rank,id  [ RunTime:0.0003s ]
SQL: SELECT * FROM `gb_menus` WHERE ( id in (1,2,3,4,5,6,7,8,9,10,11,12,13,14,15,16,17,18,19,20,21,22,23,24,25,26,27,28,29,30,31,32,33,34,35,36,37,38,39,40,41,42,43,44,45,55,56,57,58,59,60,61,62,63,64,65,66,67,68,69,70,71,75) and is_show=1 and parent_id=25 and ptype=2 ) ORDER BY rank,id  [ RunTime:0.0003s ]
SQL: SELECT * FROM `gb_menus` WHERE ( id in (1,2,3,4,5,6,7,8,9,10,11,12,13,14,15,16,17,18,19,20,21,22,23,24,25,26,27,28,29,30,31,32,33,34,35,36,37,38,39,40,41,42,43,44,45,55,56,57,58,59,60,61,62,63,64,65,66,67,68,69,70,71,75) and is_show=1 and parent_id=26 and ptype=2 ) ORDER BY rank,id  [ RunTime:0.0003s ]
SQL: SELECT * FROM `gb_menus` WHERE ( id in (1,2,3,4,5,6,7,8,9,10,11,12,13,14,15,16,17,18,19,20,21,22,23,24,25,26,27,28,29,30,31,32,33,34,35,36,37,38,39,40,41,42,43,44,45,55,56,57,58,59,60,61,62,63,64,65,66,67,68,69,70,71,75) and is_show=1 and parent_id=27 and ptype=2 ) ORDER BY rank,id  [ RunTime:0.0003s ]
SQL: SELECT * FROM `gb_menus` WHERE ( id in (1,2,3,4,5,6,7,8,9,10,11,12,13,14,15,16,17,18,19,20,21,22,23,24,25,26,27,28,29,30,31,32,33,34,35,36,37,38,39,40,41,42,43,44,45,55,56,57,58,59,60,61,62,63,64,65,66,67,68,69,70,71,75) and is_show=1 and parent_id=28 and ptype=2 ) ORDER BY rank,id  [ RunTime:0.0003s ]
SQL: SELECT * FROM `gb_menus` WHERE ( id in (1,2,3,4,5,6,7,8,9,10,11,12,13,14,15,16,17,18,19,20,21,22,23,24,25,26,27,28,29,30,31,32,33,34,35,36,37,38,39,40,41,42,43,44,45,55,56,57,58,59,60,61,62,63,64,65,66,67,68,69,70,71,75) and is_show=1 and parent_id=29 and ptype=2 ) ORDER BY rank,id  [ RunTime:0.0003s ]
SQL: SELECT * FROM `gb_menus` WHERE ( id in (1,2,3,4,5,6,7,8,9,10,11,12,13,14,15,16,17,18,19,20,21,22,23,24,25,26,27,28,29,30,31,32,33,34,35,36,37,38,39,40,41,42,43,44,45,55,56,57,58,59,60,61,62,63,64,65,66,67,68,69,70,71,75) and is_show=1 and parent_id=30 and ptype=2 ) ORDER BY rank,id  [ RunTime:0.0003s ]
SQL: SELECT * FROM `gb_menus` WHERE ( id in (1,2,3,4,5,6,7,8,9,10,11,12,13,14,15,16,17,18,19,20,21,22,23,24,25,26,27,28,29,30,31,32,33,34,35,36,37,38,39,40,41,42,43,44,45,55,56,57,58,59,60,61,62,63,64,65,66,67,68,69,70,71,75) and is_show=1 and parent_id=8 and ptype=1 ) ORDER BY rank,id  [ RunTime:0.0004s ]
SQL: SELECT * FROM `gb_menus` WHERE ( id in (1,2,3,4,5,6,7,8,9,10,11,12,13,14,15,16,17,18,19,20,21,22,23,24,25,26,27,28,29,30,31,32,33,34,35,36,37,38,39,40,41,42,43,44,45,55,56,57,58,59,60,61,62,63,64,65,66,67,68,69,70,71,75) and is_show=1 and parent_id=34 and ptype=2 ) ORDER BY rank,id  [ RunTime:0.0004s ]
SQL: SELECT * FROM `gb_menus` WHERE ( id in (1,2,3,4,5,6,7,8,9,10,11,12,13,14,15,16,17,18,19,20,21,22,23,24,25,26,27,28,29,30,31,32,33,34,35,36,37,38,39,40,41,42,43,44,45,55,56,57,58,59,60,61,62,63,64,65,66,67,68,69,70,71,75) and is_show=1 and parent_id=35 and ptype=2 ) ORDER BY rank,id  [ RunTime:0.0003s ]
SQL: SELECT * FROM `gb_menus` WHERE ( id in (1,2,3,4,5,6,7,8,9,10,11,12,13,14,15,16,17,18,19,20,21,22,23,24,25,26,27,28,29,30,31,32,33,34,35,36,37,38,39,40,41,42,43,44,45,55,56,57,58,59,60,61,62,63,64,65,66,67,68,69,70,71,75) and is_show=1 and parent_id=36 and ptype=2 ) ORDER BY rank,id  [ RunTime:0.0003s ]
SQL: SELECT * FROM `gb_menus` WHERE ( id in (1,2,3,4,5,6,7,8,9,10,11,12,13,14,15,16,17,18,19,20,21,22,23,24,25,26,27,28,29,30,31,32,33,34,35,36,37,38,39,40,41,42,43,44,45,55,56,57,58,59,60,61,62,63,64,65,66,67,68,69,70,71,75) and is_show=1 and parent_id=39 and ptype=1 ) ORDER BY rank,id  [ RunTime:0.0003s ]
SQL: SELECT * FROM `gb_menus` WHERE ( id in (1,2,3,4,5,6,7,8,9,10,11,12,13,14,15,16,17,18,19,20,21,22,23,24,25,26,27,28,29,30,31,32,33,34,35,36,37,38,39,40,41,42,43,44,45,55,56,57,58,59,60,61,62,63,64,65,66,67,68,69,70,71,75) and is_show=1 and parent_id=40 and ptype=2 ) ORDER BY rank,id  [ RunTime:0.0006s ]
SQL: SELECT * FROM `gb_menus` WHERE ( id in (1,2,3,4,5,6,7,8,9,10,11,12,13,14,15,16,17,18,19,20,21,22,23,24,25,26,27,28,29,30,31,32,33,34,35,36,37,38,39,40,41,42,43,44,45,55,56,57,58,59,60,61,62,63,64,65,66,67,68,69,70,71,75) and is_show=1 and parent_id=41 and ptype=2 ) ORDER BY rank,id  [ RunTime:0.0010s ]
SQL: SELECT * FROM `gb_menus` WHERE ( id in (1,2,3,4,5,6,7,8,9,10,11,12,13,14,15,16,17,18,19,20,21,22,23,24,25,26,27,28,29,30,31,32,33,34,35,36,37,38,39,40,41,42,43,44,45,55,56,57,58,59,60,61,62,63,64,65,66,67,68,69,70,71,75) and is_show=1 and parent_id=42 and ptype=2 ) ORDER BY rank,id  [ RunTime:0.0003s ]
SQL: SELECT * FROM `gb_menus` WHERE ( id in (1,2,3,4,5,6,7,8,9,10,11,12,13,14,15,16,17,18,19,20,21,22,23,24,25,26,27,28,29,30,31,32,33,34,35,36,37,38,39,40,41,42,43,44,45,55,56,57,58,59,60,61,62,63,64,65,66,67,68,69,70,71,75) and is_show=1 and parent_id=43 and ptype=2 ) ORDER BY rank,id  [ RunTime:0.0003s ]
NOTIC: [8] Undefined index: sub_menus E:\por\oa\Common\Common\Controller\AdminBaseController.class.php 第 235 行.
NOTIC: [8] Undefined index: sub_menus E:\por\oa\Common\Common\Controller\AdminBaseController.class.php 第 235 行.
NOTIC: [8] Undefined index: sub_menus E:\por\oa\Common\Common\Controller\AdminBaseController.class.php 第 235 行.
NOTIC: [8] Undefined index: sub_menus E:\por\oa\Common\Common\Controller\AdminBaseController.class.php 第 235 行.
NOTIC: [8] Undefined index: sub_menus E:\por\oa\Common\Common\Controller\AdminBaseController.class.php 第 235 行.
NOTIC: [8] Undefined index: sub_menus E:\por\oa\Common\Common\Controller\AdminBaseController.class.php 第 235 行.
SQL: SHOW COLUMNS FROM `gb_items` [ RunTime:0.0034s ]
SQL: SHOW COLUMNS FROM `gb_items` [ RunTime:0.0034s ]
SQL: SELECT COUNT(*) AS tp_count FROM `gb_items` WHERE ( is_del=1 ) LIMIT 1   [ RunTime:0.0002s ]
SQL: SELECT COUNT(*) AS tp_count FROM `gb_items` WHERE ( is_del=0 ) LIMIT 1   [ RunTime:0.0002s ]
SQL: SELECT COUNT(*) AS tp_count FROM `gb_items` WHERE ( is_del=0 and is_over=1 ) LIMIT 1   [ RunTime:0.0001s ]
SQL: SELECT COUNT(*) AS tp_count FROM `gb_items` WHERE ( is_del=0 and is_over=0 ) LIMIT 1   [ RunTime:0.0001s ]
SQL: SELECT COUNT(*) AS tp_count FROM `gb_items` WHERE ( is_del=0 and (create_time<=1477324800 and create_time>=1477411199) ) LIMIT 1   [ RunTime:0.0001s ]
SQL: SHOW COLUMNS FROM `gb_products` [ RunTime:0.0057s ]
SQL: SELECT * FROM `gb_products` WHERE ( status<3 ) ORDER BY status asc,create_time desc LIMIT 5   [ RunTime:0.0003s ]
SQL: SHOW COLUMNS FROM `gb_product_order` [ RunTime:0.0035s ]
SQL: SELECT a.*,p.name,p.code,p.number FROM gb_product_order a left join gb_products p on p.id=a.product_id  WHERE ( a.is_del=0 ) ORDER BY a.update_time desc LIMIT 5   [ RunTime:0.0003s ]
SQL: SHOW COLUMNS FROM `gb_ptypes` [ RunTime:0.0034s ]
SQL: SELECT * FROM `gb_ptypes` WHERE ( id=3 )  [ RunTime:0.0003s ]
SQL: SHOW COLUMNS FROM `gb_product_pic` [ RunTime:0.0061s ]
SQL: SELECT a.*,p.name,p.code,p.number FROM gb_product_pic a left join gb_products p on p.id=a.product_id  WHERE ( a.is_over=0 )  [ RunTime:0.0003s ]
SQL: SELECT a.id,a.admin_user_id,a.msg,a.create_time,ifnull(u.name,u.username) as username,u.head_pic FROM gb_deport_message a left join gb_admin_user u on u.id=a.admin_user_id  WHERE ( a.create_time>=1477119245 or a.deport_id=0 ) ORDER BY a.create_time desc  [ RunTime:0.0002s ]
INFO: [ view_parse ] --START--
INFO: [ template_filter ] --START--
INFO: Run Behavior\ContentReplaceBehavior [ RunTime:0.000224s ]
INFO: [ template_filter ] --END-- [ RunTime:0.000299s ]
NOTIC: [8] Undefined index: first_code E:\por\oa\Runtime\Cache\Home\2f412aae274b751dca883838bf7e7502.php 第 311 行.
NOTIC: [8] Undefined index: sub_menus E:\por\oa\Runtime\Cache\Home\2f412aae274b751dca883838bf7e7502.php 第 312 行.
NOTIC: [8] Undefined index: sub_menus E:\por\oa\Runtime\Cache\Home\2f412aae274b751dca883838bf7e7502.php 第 315 行.
NOTIC: [8] Undefined index: sub_menus E:\por\oa\Runtime\Cache\Home\2f412aae274b751dca883838bf7e7502.php 第 318 行.
NOTIC: [8] Undefined index: first_code E:\por\oa\Runtime\Cache\Home\2f412aae274b751dca883838bf7e7502.php 第 311 行.
NOTIC: [8] Undefined index: sub_menus E:\por\oa\Runtime\Cache\Home\2f412aae274b751dca883838bf7e7502.php 第 312 行.
NOTIC: [8] Undefined index: sub_menus E:\por\oa\Runtime\Cache\Home\2f412aae274b751dca883838bf7e7502.php 第 315 行.
NOTIC: [8] Undefined index: sub_menus E:\por\oa\Runtime\Cache\Home\2f412aae274b751dca883838bf7e7502.php 第 318 行.
NOTIC: [8] Undefined index: first_code E:\por\oa\Runtime\Cache\Home\2f412aae274b751dca883838bf7e7502.php 第 311 行.
NOTIC: [8] Undefined index: sub_menus E:\por\oa\Runtime\Cache\Home\2f412aae274b751dca883838bf7e7502.php 第 312 行.
NOTIC: [8] Undefined index: sub_menus E:\por\oa\Runtime\Cache\Home\2f412aae274b751dca883838bf7e7502.php 第 315 行.
NOTIC: [8] Undefined index: sub_menus E:\por\oa\Runtime\Cache\Home\2f412aae274b751dca883838bf7e7502.php 第 318 行.
NOTIC: [8] Undefined index: first_code E:\por\oa\Runtime\Cache\Home\2f412aae274b751dca883838bf7e7502.php 第 311 行.
NOTIC: [8] Undefined index: sub_menus E:\por\oa\Runtime\Cache\Home\2f412aae274b751dca883838bf7e7502.php 第 312 行.
NOTIC: [8] Undefined index: sub_menus E:\por\oa\Runtime\Cache\Home\2f412aae274b751dca883838bf7e7502.php 第 315 行.
NOTIC: [8] Undefined index: sub_menus E:\por\oa\Runtime\Cache\Home\2f412aae274b751dca883838bf7e7502.php 第 318 行.
NOTIC: [8] Undefined index: first_code E:\por\oa\Runtime\Cache\Home\2f412aae274b751dca883838bf7e7502.php 第 311 行.
NOTIC: [8] Undefined index: sub_menus E:\por\oa\Runtime\Cache\Home\2f412aae274b751dca883838bf7e7502.php 第 312 行.
NOTIC: [8] Undefined index: sub_menus E:\por\oa\Runtime\Cache\Home\2f412aae274b751dca883838bf7e7502.php 第 315 行.
NOTIC: [8] Undefined index: sub_menus E:\por\oa\Runtime\Cache\Home\2f412aae274b751dca883838bf7e7502.php 第 318 行.
NOTIC: [8] Undefined index: first_code E:\por\oa\Runtime\Cache\Home\2f412aae274b751dca883838bf7e7502.php 第 311 行.
NOTIC: [8] Undefined index: sub_menus E:\por\oa\Runtime\Cache\Home\2f412aae274b751dca883838bf7e7502.php 第 312 行.
NOTIC: [8] Undefined index: sub_menus E:\por\oa\Runtime\Cache\Home\2f412aae274b751dca883838bf7e7502.php 第 315 行.
NOTIC: [8] Undefined index: sub_menus E:\por\oa\Runtime\Cache\Home\2f412aae274b751dca883838bf7e7502.php 第 318 行.
NOTIC: [8] Undefined variable: locations E:\por\oa\Runtime\Cache\Home\2f412aae274b751dca883838bf7e7502.php 第 367 行.
NOTIC: [2] Invalid argument supplied for foreach() E:\por\oa\Runtime\Cache\Home\2f412aae274b751dca883838bf7e7502.php 第 367 行.
SQL: SELECT * FROM `gb_mall`  [ RunTime:0.0005s ]
SQL: SHOW COLUMNS FROM `gb_products` [ RunTime:0.0035s ]
SQL: SELECT * FROM `gb_products`  [ RunTime:0.0003s ]
SQL: SELECT * FROM `gb_product_pic` WHERE ( is_over=0 and is_del=0 ) GROUP BY product_id  [ RunTime:0.0002s ]
SQL: SHOW COLUMNS FROM `gb_product_order` [ RunTime:0.0036s ]
SQL: SELECT * FROM `gb_product_order` WHERE ( dh_time!=0 and is_del=0 )  [ RunTime:0.0005s ]
SQL: SELECT * FROM `gb_product_order` WHERE ( deliver_time!=0 and is_del=0 )  [ RunTime:0.0005s ]
SQL: SHOW COLUMNS FROM `gb_product_pic_status` [ RunTime:0.0061s ]
SQL: SELECT * FROM `gb_product_pic_status` WHERE ( ptype_status_id=1 ) GROUP BY product_pic_id  [ RunTime:0.0003s ]
SQL: SELECT * FROM `gb_product_pic_status` WHERE ( ptype_status_id=8 ) GROUP BY product_pic_id  [ RunTime:0.0002s ]
SQL: SELECT * FROM `gb_product_pic_status` WHERE ( ptype_status_id=6 ) GROUP BY product_pic_id  [ RunTime:0.0002s ]
SQL: SHOW COLUMNS FROM `gb_shop` [ RunTime:0.0038s ]
SQL: SELECT * FROM gb_shop a left join gb_count_info b on a.id=b.shop_id   WHERE ( b.mall_id=1 )  [ RunTime:0.0003s ]
SQL: SELECT * FROM gb_shop a left join gb_count_info b on a.id=b.shop_id   WHERE ( b.mall_id=2 )  [ RunTime:0.0003s ]
SQL: SELECT * FROM gb_shop a left join gb_count_info b on a.id=b.shop_id   WHERE ( b.mall_id=3 )  [ RunTime:0.0002s ]
SQL: SELECT * FROM gb_shop a left join gb_count_info b on a.id=b.shop_id   WHERE ( b.mall_id=4 )  [ RunTime:0.0003s ]
SQL: SELECT * FROM gb_shop a left join gb_count_info b on a.id=b.shop_id   WHERE ( b.mall_id=5 )  [ RunTime:0.0002s ]
SQL: SELECT * FROM gb_shop a left join gb_count_info b on a.id=b.shop_id   WHERE ( b.mall_id=6 )  [ RunTime:0.0002s ]
SQL: SELECT * FROM gb_shop a left join gb_count_info b on a.id=b.shop_id left join gb_products p on b.product_id=p.id  WHERE ( b.mall_id=1 and p.status=1 )  [ RunTime:0.0003s ]
SQL: SELECT * FROM gb_shop a left join gb_count_info b on a.id=b.shop_id left join gb_products p on b.product_id=p.id  WHERE ( b.mall_id=2 and p.status=1 )  [ RunTime:0.0003s ]
SQL: SELECT * FROM gb_shop a left join gb_count_info b on a.id=b.shop_id left join gb_products p on b.product_id=p.id  WHERE ( b.mall_id=3 and p.status=1 )  [ RunTime:0.0003s ]
SQL: SELECT * FROM gb_shop a left join gb_count_info b on a.id=b.shop_id left join gb_products p on b.product_id=p.id  WHERE ( b.mall_id=4 and p.status=1 )  [ RunTime:0.0003s ]
SQL: SELECT * FROM gb_shop a left join gb_count_info b on a.id=b.shop_id left join gb_products p on b.product_id=p.id  WHERE ( b.mall_id=5 and p.status=1 )  [ RunTime:0.0003s ]
SQL: SELECT * FROM gb_shop a left join gb_count_info b on a.id=b.shop_id left join gb_products p on b.product_id=p.id  WHERE ( b.mall_id=6 and p.status=1 )  [ RunTime:0.0003s ]
NOTIC: [8] Undefined variable: is_kindeditor E:\por\oa\Runtime\Cache\Home\2f412aae274b751dca883838bf7e7502.php 第 931 行.
INFO: Run Behavior\ParseTemplateBehavior [ RunTime:0.057803s ]
INFO: [ view_parse ] --END-- [ RunTime:0.057856s ]
INFO: [ view_filter ] --START--
INFO: Run Behavior\WriteHtmlCacheBehavior [ RunTime:0.000667s ]
INFO: [ view_filter ] --END-- [ RunTime:0.000718s ]
INFO: [ app_end ] --START--
INFO: Run Behavior\ShowPageTraceBehavior [ RunTime:0.001008s ]
INFO: [ app_end ] --END-- [ RunTime:0.001081s ]

