[ 2016-10-26T10:01:10+08:00 ] 127.0.0.1 /
INFO: [ app_init ] --START--
INFO: Run Behavior\BuildLiteBehavior [ RunTime:0.000087s ]
INFO: [ app_init ] --END-- [ RunTime:0.064908s ]
INFO: [ app_begin ] --START--
INFO: Run Behavior\ReadHtmlCacheBehavior [ RunTime:0.028282s ]
INFO: [ app_begin ] --END-- [ RunTime:0.028521s ]

[ 2016-10-26T10:01:11+08:00 ] 127.0.0.1 /index.php/Home/Login/index.html
INFO: [ app_init ] --START--
INFO: Run Behavior\BuildLiteBehavior [ RunTime:0.000031s ]
INFO: [ app_init ] --END-- [ RunTime:0.000917s ]
INFO: [ app_begin ] --START--
INFO: Run Behavior\ReadHtmlCacheBehavior [ RunTime:0.001140s ]
INFO: [ app_begin ] --END-- [ RunTime:0.001299s ]
INFO: [ view_parse ] --START--
INFO: [ template_filter ] --START--
INFO: Run Behavior\ContentReplaceBehavior [ RunTime:0.000119s ]
INFO: [ template_filter ] --END-- [ RunTime:0.000273s ]
INFO: Run Behavior\ParseTemplateBehavior [ RunTime:0.125376s ]
INFO: [ view_parse ] --END-- [ RunTime:0.125544s ]
INFO: [ view_filter ] --START--
INFO: Run Behavior\WriteHtmlCacheBehavior [ RunTime:0.017898s ]
INFO: [ view_filter ] --END-- [ RunTime:0.018021s ]
INFO: [ app_end ] --START--
INFO: Run Behavior\ShowPageTraceBehavior [ RunTime:0.023917s ]
INFO: [ app_end ] --END-- [ RunTime:0.024042s ]

[ 2016-10-26T10:18:56+08:00 ] 127.0.0.1 /
INFO: [ app_init ] --START--
INFO: Run Behavior\BuildLiteBehavior [ RunTime:0.000015s ]
INFO: [ app_init ] --END-- [ RunTime:0.000393s ]
INFO: [ app_begin ] --START--
INFO: Run Behavior\ReadHtmlCacheBehavior [ RunTime:0.000592s ]
INFO: [ app_begin ] --END-- [ RunTime:0.000654s ]

[ 2016-10-26T10:18:56+08:00 ] 127.0.0.1 /index.php/Home/Login/index.html
INFO: [ app_init ] --START--
INFO: Run Behavior\BuildLiteBehavior [ RunTime:0.000018s ]
INFO: [ app_init ] --END-- [ RunTime:0.000458s ]
INFO: [ app_begin ] --START--
INFO: Run Behavior\ReadHtmlCacheBehavior [ RunTime:0.000456s ]
INFO: [ app_begin ] --END-- [ RunTime:0.000511s ]
INFO: [ view_parse ] --START--
INFO: [ template_filter ] --START--
INFO: Run Behavior\ContentReplaceBehavior [ RunTime:0.000051s ]
INFO: [ template_filter ] --END-- [ RunTime:0.000120s ]
INFO: Run Behavior\ParseTemplateBehavior [ RunTime:0.007188s ]
INFO: [ view_parse ] --END-- [ RunTime:0.007263s ]
INFO: [ view_filter ] --START--
INFO: Run Behavior\WriteHtmlCacheBehavior [ RunTime:0.000467s ]
INFO: [ view_filter ] --END-- [ RunTime:0.000509s ]
INFO: [ app_end ] --START--
INFO: Run Behavior\ShowPageTraceBehavior [ RunTime:0.000792s ]
INFO: [ app_end ] --END-- [ RunTime:0.000852s ]

[ 2016-10-26T10:19:04+08:00 ] 127.0.0.1 /index.php/Home/Login/login.html
INFO: [ app_init ] --START--
INFO: Run Behavior\BuildLiteBehavior [ RunTime:0.000015s ]
INFO: [ app_init ] --END-- [ RunTime:0.000394s ]
INFO: [ app_begin ] --START--
INFO: Run Behavior\ReadHtmlCacheBehavior [ RunTime:0.000592s ]
INFO: [ app_begin ] --END-- [ RunTime:0.000662s ]
SQL: SHOW COLUMNS FROM `gb_admin_user` [ RunTime:0.0037s ]
SQL: SELECT * FROM `gb_admin_user` WHERE ( username='admin' ) LIMIT 1   [ RunTime:0.0004s ]

[ 2016-10-26T10:19:04+08:00 ] 127.0.0.1 /index.php/Home/Login/index.html
INFO: [ app_init ] --START--
INFO: Run Behavior\BuildLiteBehavior [ RunTime:0.000012s ]
INFO: [ app_init ] --END-- [ RunTime:0.000455s ]
INFO: [ app_begin ] --START--
INFO: Run Behavior\ReadHtmlCacheBehavior [ RunTime:0.000607s ]
INFO: [ app_begin ] --END-- [ RunTime:0.000659s ]
INFO: [ view_parse ] --START--
INFO: [ template_filter ] --START--
INFO: Run Behavior\ContentReplaceBehavior [ RunTime:0.000048s ]
INFO: [ template_filter ] --END-- [ RunTime:0.000111s ]
INFO: Run Behavior\ParseTemplateBehavior [ RunTime:0.007111s ]
INFO: [ view_parse ] --END-- [ RunTime:0.007184s ]
INFO: [ view_filter ] --START--
INFO: Run Behavior\WriteHtmlCacheBehavior [ RunTime:0.000475s ]
INFO: [ view_filter ] --END-- [ RunTime:0.000517s ]
INFO: [ app_end ] --START--
INFO: Run Behavior\ShowPageTraceBehavior [ RunTime:0.000634s ]
INFO: [ app_end ] --END-- [ RunTime:0.000680s ]

[ 2016-10-26T16:19:11+08:00 ] 127.0.0.1 /
INFO: [ app_init ] --START--
INFO: Run Behavior\BuildLiteBehavior [ RunTime:0.000017s ]
INFO: [ app_init ] --END-- [ RunTime:0.000657s ]
INFO: [ app_begin ] --START--
INFO: Run Behavior\ReadHtmlCacheBehavior [ RunTime:0.011583s ]
INFO: [ app_begin ] --END-- [ RunTime:0.011664s ]

[ 2016-10-26T16:19:12+08:00 ] 127.0.0.1 /index.php/Home/Login/index.html
INFO: [ app_init ] --START--
INFO: Run Behavior\BuildLiteBehavior [ RunTime:0.000014s ]
INFO: [ app_init ] --END-- [ RunTime:0.000340s ]
INFO: [ app_begin ] --START--
INFO: Run Behavior\ReadHtmlCacheBehavior [ RunTime:0.000440s ]
INFO: [ app_begin ] --END-- [ RunTime:0.000489s ]
INFO: [ view_parse ] --START--
INFO: [ template_filter ] --START--
INFO: Run Behavior\ContentReplaceBehavior [ RunTime:0.000059s ]
INFO: [ template_filter ] --END-- [ RunTime:0.000133s ]
INFO: Run Behavior\ParseTemplateBehavior [ RunTime:0.087656s ]
INFO: [ view_parse ] --END-- [ RunTime:0.087731s ]
INFO: [ view_filter ] --START--
INFO: Run Behavior\WriteHtmlCacheBehavior [ RunTime:0.013124s ]
INFO: [ view_filter ] --END-- [ RunTime:0.013191s ]
INFO: [ app_end ] --START--
INFO: Run Behavior\ShowPageTraceBehavior [ RunTime:0.023989s ]
INFO: [ app_end ] --END-- [ RunTime:0.024064s ]

[ 2016-10-26T16:19:15+08:00 ] 127.0.0.1 /index.php/Home/Login/login.html
INFO: [ app_init ] --START--
INFO: Run Behavior\BuildLiteBehavior [ RunTime:0.000017s ]
INFO: [ app_init ] --END-- [ RunTime:0.000560s ]
INFO: [ app_begin ] --START--
INFO: Run Behavior\ReadHtmlCacheBehavior [ RunTime:0.000766s ]
INFO: [ app_begin ] --END-- [ RunTime:0.000862s ]
SQL: SHOW COLUMNS FROM `gb_admin_user` [ RunTime:0.0096s ]
SQL: SELECT * FROM `gb_admin_user` WHERE ( username='admin' ) LIMIT 1   [ RunTime:0.0012s ]
NOTIC: [8] Undefined index: is_lock E:\por\oa\Home\Model\AdminUserModel.class.php 第 15 行.

[ 2016-10-26T16:19:17+08:00 ] 127.0.0.1 /index.php/Home/Index/index.html
INFO: [ app_init ] --START--
INFO: Run Behavior\BuildLiteBehavior [ RunTime:0.000022s ]
INFO: [ app_init ] --END-- [ RunTime:0.000674s ]
INFO: [ app_begin ] --START--
INFO: Run Behavior\ReadHtmlCacheBehavior [ RunTime:0.000902s ]
INFO: [ app_begin ] --END-- [ RunTime:0.001018s ]
SQL: SHOW COLUMNS FROM `gb_admin_user` [ RunTime:0.0031s ]
SQL: SELECT * FROM `gb_admin_user` WHERE ( id=1 ) LIMIT 1   [ RunTime:0.0004s ]
NOTIC: [8] Undefined index: is_lock E:\por\oa\Common\Common\Controller\AdminBaseController.class.php 第 16 行.
SQL: SHOW COLUMNS FROM `gb_roles` [ RunTime:0.0488s ]
SQL: SELECT * FROM `gb_roles` WHERE ( id=1 ) LIMIT 1   [ RunTime:0.0004s ]
SQL: SHOW COLUMNS FROM `gb_deport` [ RunTime:0.0414s ]
SQL: SELECT * FROM `gb_deport` WHERE ( id=1 ) LIMIT 1   [ RunTime:0.0005s ]
SQL: SHOW COLUMNS FROM `gb_admin_user_show` [ RunTime:0.1070s ]
SQL: SELECT * FROM `gb_admin_user_show` WHERE ( admin_user_id=1 and is_background=0 )  [ RunTime:0.0004s ]
SQL: SELECT * FROM `gb_admin_user_show` WHERE ( admin_user_id=1 and is_background=1 ) LIMIT 1   [ RunTime:0.0004s ]
SQL: SHOW COLUMNS FROM `gb_deport_message` [ RunTime:0.0904s ]
SQL: SELECT a.msg,a.create_time,ifnull(u.name,u.username) as username,u.head_pic FROM gb_deport_message a left join gb_admin_user u on u.id=a.admin_user_id  WHERE ( a.create_time>=1477037955 ) ORDER BY a.create_time desc LIMIT 5   [ RunTime:0.0461s ]
NOTIC: [8] Undefined variable: user_info E:\por\oa\Common\Common\Controller\AdminBaseController.class.php 第 180 行.
SQL: SELECT * FROM `gb_roles` WHERE ( id=1 ) LIMIT 1   [ RunTime:0.0007s ]
SQL: SHOW COLUMNS FROM `gb_role_menus` [ RunTime:0.0643s ]
SQL: SELECT * FROM `gb_role_menus` WHERE ( role_id=1 )  [ RunTime:0.0133s ]
SQL: SHOW COLUMNS FROM `gb_menus` [ RunTime:0.0607s ]
SQL: SELECT * FROM `gb_menus` WHERE ( id in (1,2,3,4,5,6,7,8,9,10,11,12,13,14,15,16,17,18,19,20,21,22,23,24,25,26,27,28,29,30,31,32,33,34,35,36,37,38,39,40,41,42,43,44,45,55,56,57,58,59,60,61,62,63,64,65,66,67,68,69,70,71,75) and is_show=1 and ptype=0 ) ORDER BY rank,id  [ RunTime:0.0533s ]
SQL: SELECT * FROM `gb_menus` WHERE ( id in (1,2,3,4,5,6,7,8,9,10,11,12,13,14,15,16,17,18,19,20,21,22,23,24,25,26,27,28,29,30,31,32,33,34,35,36,37,38,39,40,41,42,43,44,45,55,56,57,58,59,60,61,62,63,64,65,66,67,68,69,70,71,75) and is_show=1 and parent_id=1 and ptype=1 ) ORDER BY rank,id  [ RunTime:0.0010s ]
SQL: SELECT * FROM `gb_menus` WHERE ( id in (1,2,3,4,5,6,7,8,9,10,11,12,13,14,15,16,17,18,19,20,21,22,23,24,25,26,27,28,29,30,31,32,33,34,35,36,37,38,39,40,41,42,43,44,45,55,56,57,58,59,60,61,62,63,64,65,66,67,68,69,70,71,75) and is_show=1 and parent_id=75 and ptype=1 ) ORDER BY rank,id  [ RunTime:0.0009s ]
SQL: SELECT * FROM `gb_menus` WHERE ( id in (1,2,3,4,5,6,7,8,9,10,11,12,13,14,15,16,17,18,19,20,21,22,23,24,25,26,27,28,29,30,31,32,33,34,35,36,37,38,39,40,41,42,43,44,45,55,56,57,58,59,60,61,62,63,64,65,66,67,68,69,70,71,75) and is_show=1 and parent_id=55 and ptype=1 ) ORDER BY rank,id  [ RunTime:0.0014s ]
SQL: SELECT * FROM `gb_menus` WHERE ( id in (1,2,3,4,5,6,7,8,9,10,11,12,13,14,15,16,17,18,19,20,21,22,23,24,25,26,27,28,29,30,31,32,33,34,35,36,37,38,39,40,41,42,43,44,45,55,56,57,58,59,60,61,62,63,64,65,66,67,68,69,70,71,75) and is_show=1 and parent_id=56 and ptype=2 ) ORDER BY rank,id  [ RunTime:0.0010s ]
SQL: SELECT * FROM `gb_menus` WHERE ( id in (1,2,3,4,5,6,7,8,9,10,11,12,13,14,15,16,17,18,19,20,21,22,23,24,25,26,27,28,29,30,31,32,33,34,35,36,37,38,39,40,41,42,43,44,45,55,56,57,58,59,60,61,62,63,64,65,66,67,68,69,70,71,75) and is_show=1 and parent_id=57 and ptype=2 ) ORDER BY rank,id  [ RunTime:0.0009s ]
SQL: SELECT * FROM `gb_menus` WHERE ( id in (1,2,3,4,5,6,7,8,9,10,11,12,13,14,15,16,17,18,19,20,21,22,23,24,25,26,27,28,29,30,31,32,33,34,35,36,37,38,39,40,41,42,43,44,45,55,56,57,58,59,60,61,62,63,64,65,66,67,68,69,70,71,75) and is_show=1 and parent_id=58 and ptype=2 ) ORDER BY rank,id  [ RunTime:0.0010s ]
SQL: SELECT * FROM `gb_menus` WHERE ( id in (1,2,3,4,5,6,7,8,9,10,11,12,13,14,15,16,17,18,19,20,21,22,23,24,25,26,27,28,29,30,31,32,33,34,35,36,37,38,39,40,41,42,43,44,45,55,56,57,58,59,60,61,62,63,64,65,66,67,68,69,70,71,75) and is_show=1 and parent_id=59 and ptype=2 ) ORDER BY rank,id  [ RunTime:0.0009s ]
SQL: SELECT * FROM `gb_menus` WHERE ( id in (1,2,3,4,5,6,7,8,9,10,11,12,13,14,15,16,17,18,19,20,21,22,23,24,25,26,27,28,29,30,31,32,33,34,35,36,37,38,39,40,41,42,43,44,45,55,56,57,58,59,60,61,62,63,64,65,66,67,68,69,70,71,75) and is_show=1 and parent_id=60 and ptype=2 ) ORDER BY rank,id  [ RunTime:0.0010s ]
SQL: SELECT * FROM `gb_menus` WHERE ( id in (1,2,3,4,5,6,7,8,9,10,11,12,13,14,15,16,17,18,19,20,21,22,23,24,25,26,27,28,29,30,31,32,33,34,35,36,37,38,39,40,41,42,43,44,45,55,56,57,58,59,60,61,62,63,64,65,66,67,68,69,70,71,75) and is_show=1 and parent_id=61 and ptype=2 ) ORDER BY rank,id  [ RunTime:0.0009s ]
SQL: SELECT * FROM `gb_menus` WHERE ( id in (1,2,3,4,5,6,7,8,9,10,11,12,13,14,15,16,17,18,19,20,21,22,23,24,25,26,27,28,29,30,31,32,33,34,35,36,37,38,39,40,41,42,43,44,45,55,56,57,58,59,60,61,62,63,64,65,66,67,68,69,70,71,75) and is_show=1 and parent_id=62 and ptype=2 ) ORDER BY rank,id  [ RunTime:0.0009s ]
SQL: SELECT * FROM `gb_menus` WHERE ( id in (1,2,3,4,5,6,7,8,9,10,11,12,13,14,15,16,17,18,19,20,21,22,23,24,25,26,27,28,29,30,31,32,33,34,35,36,37,38,39,40,41,42,43,44,45,55,56,57,58,59,60,61,62,63,64,65,66,67,68,69,70,71,75) and is_show=1 and parent_id=63 and ptype=2 ) ORDER BY rank,id  [ RunTime:0.0009s ]
SQL: SELECT * FROM `gb_menus` WHERE ( id in (1,2,3,4,5,6,7,8,9,10,11,12,13,14,15,16,17,18,19,20,21,22,23,24,25,26,27,28,29,30,31,32,33,34,35,36,37,38,39,40,41,42,43,44,45,55,56,57,58,59,60,61,62,63,64,65,66,67,68,69,70,71,75) and is_show=1 and parent_id=64 and ptype=2 ) ORDER BY rank,id  [ RunTime:0.0013s ]
SQL: SELECT * FROM `gb_menus` WHERE ( id in (1,2,3,4,5,6,7,8,9,10,11,12,13,14,15,16,17,18,19,20,21,22,23,24,25,26,27,28,29,30,31,32,33,34,35,36,37,38,39,40,41,42,43,44,45,55,56,57,58,59,60,61,62,63,64,65,66,67,68,69,70,71,75) and is_show=1 and parent_id=65 and ptype=2 ) ORDER BY rank,id  [ RunTime:0.0012s ]
SQL: SELECT * FROM `gb_menus` WHERE ( id in (1,2,3,4,5,6,7,8,9,10,11,12,13,14,15,16,17,18,19,20,21,22,23,24,25,26,27,28,29,30,31,32,33,34,35,36,37,38,39,40,41,42,43,44,45,55,56,57,58,59,60,61,62,63,64,65,66,67,68,69,70,71,75) and is_show=1 and parent_id=66 and ptype=2 ) ORDER BY rank,id  [ RunTime:0.0012s ]
SQL: SELECT * FROM `gb_menus` WHERE ( id in (1,2,3,4,5,6,7,8,9,10,11,12,13,14,15,16,17,18,19,20,21,22,23,24,25,26,27,28,29,30,31,32,33,34,35,36,37,38,39,40,41,42,43,44,45,55,56,57,58,59,60,61,62,63,64,65,66,67,68,69,70,71,75) and is_show=1 and parent_id=67 and ptype=2 ) ORDER BY rank,id  [ RunTime:0.0012s ]
SQL: SELECT * FROM `gb_menus` WHERE ( id in (1,2,3,4,5,6,7,8,9,10,11,12,13,14,15,16,17,18,19,20,21,22,23,24,25,26,27,28,29,30,31,32,33,34,35,36,37,38,39,40,41,42,43,44,45,55,56,57,58,59,60,61,62,63,64,65,66,67,68,69,70,71,75) and is_show=1 and parent_id=68 and ptype=2 ) ORDER BY rank,id  [ RunTime:0.0011s ]
SQL: SELECT * FROM `gb_menus` WHERE ( id in (1,2,3,4,5,6,7,8,9,10,11,12,13,14,15,16,17,18,19,20,21,22,23,24,25,26,27,28,29,30,31,32,33,34,35,36,37,38,39,40,41,42,43,44,45,55,56,57,58,59,60,61,62,63,64,65,66,67,68,69,70,71,75) and is_show=1 and parent_id=69 and ptype=2 ) ORDER BY rank,id  [ RunTime:0.0013s ]
SQL: SELECT * FROM `gb_menus` WHERE ( id in (1,2,3,4,5,6,7,8,9,10,11,12,13,14,15,16,17,18,19,20,21,22,23,24,25,26,27,28,29,30,31,32,33,34,35,36,37,38,39,40,41,42,43,44,45,55,56,57,58,59,60,61,62,63,64,65,66,67,68,69,70,71,75) and is_show=1 and parent_id=70 and ptype=2 ) ORDER BY rank,id  [ RunTime:0.0010s ]
SQL: SELECT * FROM `gb_menus` WHERE ( id in (1,2,3,4,5,6,7,8,9,10,11,12,13,14,15,16,17,18,19,20,21,22,23,24,25,26,27,28,29,30,31,32,33,34,35,36,37,38,39,40,41,42,43,44,45,55,56,57,58,59,60,61,62,63,64,65,66,67,68,69,70,71,75) and is_show=1 and parent_id=71 and ptype=2 ) ORDER BY rank,id  [ RunTime:0.0011s ]
SQL: SELECT * FROM `gb_menus` WHERE ( id in (1,2,3,4,5,6,7,8,9,10,11,12,13,14,15,16,17,18,19,20,21,22,23,24,25,26,27,28,29,30,31,32,33,34,35,36,37,38,39,40,41,42,43,44,45,55,56,57,58,59,60,61,62,63,64,65,66,67,68,69,70,71,75) and is_show=1 and parent_id=2 and ptype=1 ) ORDER BY rank,id  [ RunTime:0.0014s ]
SQL: SELECT * FROM `gb_menus` WHERE ( id in (1,2,3,4,5,6,7,8,9,10,11,12,13,14,15,16,17,18,19,20,21,22,23,24,25,26,27,28,29,30,31,32,33,34,35,36,37,38,39,40,41,42,43,44,45,55,56,57,58,59,60,61,62,63,64,65,66,67,68,69,70,71,75) and is_show=1 and parent_id=9 and ptype=2 ) ORDER BY rank,id  [ RunTime:0.0009s ]
SQL: SELECT * FROM `gb_menus` WHERE ( id in (1,2,3,4,5,6,7,8,9,10,11,12,13,14,15,16,17,18,19,20,21,22,23,24,25,26,27,28,29,30,31,32,33,34,35,36,37,38,39,40,41,42,43,44,45,55,56,57,58,59,60,61,62,63,64,65,66,67,68,69,70,71,75) and is_show=1 and parent_id=10 and ptype=2 ) ORDER BY rank,id  [ RunTime:0.0009s ]
SQL: SELECT * FROM `gb_menus` WHERE ( id in (1,2,3,4,5,6,7,8,9,10,11,12,13,14,15,16,17,18,19,20,21,22,23,24,25,26,27,28,29,30,31,32,33,34,35,36,37,38,39,40,41,42,43,44,45,55,56,57,58,59,60,61,62,63,64,65,66,67,68,69,70,71,75) and is_show=1 and parent_id=11 and ptype=2 ) ORDER BY rank,id  [ RunTime:0.0009s ]
SQL: SELECT * FROM `gb_menus` WHERE ( id in (1,2,3,4,5,6,7,8,9,10,11,12,13,14,15,16,17,18,19,20,21,22,23,24,25,26,27,28,29,30,31,32,33,34,35,36,37,38,39,40,41,42,43,44,45,55,56,57,58,59,60,61,62,63,64,65,66,67,68,69,70,71,75) and is_show=1 and parent_id=12 and ptype=2 ) ORDER BY rank,id  [ RunTime:0.0009s ]
SQL: SELECT * FROM `gb_menus` WHERE ( id in (1,2,3,4,5,6,7,8,9,10,11,12,13,14,15,16,17,18,19,20,21,22,23,24,25,26,27,28,29,30,31,32,33,34,35,36,37,38,39,40,41,42,43,44,45,55,56,57,58,59,60,61,62,63,64,65,66,67,68,69,70,71,75) and is_show=1 and parent_id=3 and ptype=1 ) ORDER BY rank,id  [ RunTime:0.0009s ]
SQL: SELECT * FROM `gb_menus` WHERE ( id in (1,2,3,4,5,6,7,8,9,10,11,12,13,14,15,16,17,18,19,20,21,22,23,24,25,26,27,28,29,30,31,32,33,34,35,36,37,38,39,40,41,42,43,44,45,55,56,57,58,59,60,61,62,63,64,65,66,67,68,69,70,71,75) and is_show=1 and parent_id=13 and ptype=2 ) ORDER BY rank,id  [ RunTime:0.0009s ]
SQL: SELECT * FROM `gb_menus` WHERE ( id in (1,2,3,4,5,6,7,8,9,10,11,12,13,14,15,16,17,18,19,20,21,22,23,24,25,26,27,28,29,30,31,32,33,34,35,36,37,38,39,40,41,42,43,44,45,55,56,57,58,59,60,61,62,63,64,65,66,67,68,69,70,71,75) and is_show=1 and parent_id=14 and ptype=2 ) ORDER BY rank,id  [ RunTime:0.0005s ]
SQL: SELECT * FROM `gb_menus` WHERE ( id in (1,2,3,4,5,6,7,8,9,10,11,12,13,14,15,16,17,18,19,20,21,22,23,24,25,26,27,28,29,30,31,32,33,34,35,36,37,38,39,40,41,42,43,44,45,55,56,57,58,59,60,61,62,63,64,65,66,67,68,69,70,71,75) and is_show=1 and parent_id=4 and ptype=1 ) ORDER BY rank,id  [ RunTime:0.0006s ]
SQL: SELECT * FROM `gb_menus` WHERE ( id in (1,2,3,4,5,6,7,8,9,10,11,12,13,14,15,16,17,18,19,20,21,22,23,24,25,26,27,28,29,30,31,32,33,34,35,36,37,38,39,40,41,42,43,44,45,55,56,57,58,59,60,61,62,63,64,65,66,67,68,69,70,71,75) and is_show=1 and parent_id=16 and ptype=2 ) ORDER BY rank,id  [ RunTime:0.0005s ]
SQL: SELECT * FROM `gb_menus` WHERE ( id in (1,2,3,4,5,6,7,8,9,10,11,12,13,14,15,16,17,18,19,20,21,22,23,24,25,26,27,28,29,30,31,32,33,34,35,36,37,38,39,40,41,42,43,44,45,55,56,57,58,59,60,61,62,63,64,65,66,67,68,69,70,71,75) and is_show=1 and parent_id=15 and ptype=2 ) ORDER BY rank,id  [ RunTime:0.0005s ]
SQL: SELECT * FROM `gb_menus` WHERE ( id in (1,2,3,4,5,6,7,8,9,10,11,12,13,14,15,16,17,18,19,20,21,22,23,24,25,26,27,28,29,30,31,32,33,34,35,36,37,38,39,40,41,42,43,44,45,55,56,57,58,59,60,61,62,63,64,65,66,67,68,69,70,71,75) and is_show=1 and parent_id=17 and ptype=2 ) ORDER BY rank,id  [ RunTime:0.0006s ]
SQL: SELECT * FROM `gb_menus` WHERE ( id in (1,2,3,4,5,6,7,8,9,10,11,12,13,14,15,16,17,18,19,20,21,22,23,24,25,26,27,28,29,30,31,32,33,34,35,36,37,38,39,40,41,42,43,44,45,55,56,57,58,59,60,61,62,63,64,65,66,67,68,69,70,71,75) and is_show=1 and parent_id=5 and ptype=1 ) ORDER BY rank,id  [ RunTime:0.0006s ]
SQL: SELECT * FROM `gb_menus` WHERE ( id in (1,2,3,4,5,6,7,8,9,10,11,12,13,14,15,16,17,18,19,20,21,22,23,24,25,26,27,28,29,30,31,32,33,34,35,36,37,38,39,40,41,42,43,44,45,55,56,57,58,59,60,61,62,63,64,65,66,67,68,69,70,71,75) and is_show=1 and parent_id=19 and ptype=2 ) ORDER BY rank,id  [ RunTime:0.0005s ]
SQL: SELECT * FROM `gb_menus` WHERE ( id in (1,2,3,4,5,6,7,8,9,10,11,12,13,14,15,16,17,18,19,20,21,22,23,24,25,26,27,28,29,30,31,32,33,34,35,36,37,38,39,40,41,42,43,44,45,55,56,57,58,59,60,61,62,63,64,65,66,67,68,69,70,71,75) and is_show=1 and parent_id=18 and ptype=2 ) ORDER BY rank,id  [ RunTime:0.0007s ]
SQL: SELECT * FROM `gb_menus` WHERE ( id in (1,2,3,4,5,6,7,8,9,10,11,12,13,14,15,16,17,18,19,20,21,22,23,24,25,26,27,28,29,30,31,32,33,34,35,36,37,38,39,40,41,42,43,44,45,55,56,57,58,59,60,61,62,63,64,65,66,67,68,69,70,71,75) and is_show=1 and parent_id=20 and ptype=2 ) ORDER BY rank,id  [ RunTime:0.0005s ]
SQL: SELECT * FROM `gb_menus` WHERE ( id in (1,2,3,4,5,6,7,8,9,10,11,12,13,14,15,16,17,18,19,20,21,22,23,24,25,26,27,28,29,30,31,32,33,34,35,36,37,38,39,40,41,42,43,44,45,55,56,57,58,59,60,61,62,63,64,65,66,67,68,69,70,71,75) and is_show=1 and parent_id=6 and ptype=1 ) ORDER BY rank,id  [ RunTime:0.0005s ]
SQL: SELECT * FROM `gb_menus` WHERE ( id in (1,2,3,4,5,6,7,8,9,10,11,12,13,14,15,16,17,18,19,20,21,22,23,24,25,26,27,28,29,30,31,32,33,34,35,36,37,38,39,40,41,42,43,44,45,55,56,57,58,59,60,61,62,63,64,65,66,67,68,69,70,71,75) and is_show=1 and parent_id=21 and ptype=2 ) ORDER BY rank,id  [ RunTime:0.0005s ]
SQL: SELECT * FROM `gb_menus` WHERE ( id in (1,2,3,4,5,6,7,8,9,10,11,12,13,14,15,16,17,18,19,20,21,22,23,24,25,26,27,28,29,30,31,32,33,34,35,36,37,38,39,40,41,42,43,44,45,55,56,57,58,59,60,61,62,63,64,65,66,67,68,69,70,71,75) and is_show=1 and parent_id=45 and ptype=2 ) ORDER BY rank,id  [ RunTime:0.0005s ]
SQL: SHOW COLUMNS FROM `gb_mall` [ RunTime:0.1205s ]
SQL: SELECT * FROM `gb_mall` WHERE ( is_del=0 )  [ RunTime:0.0009s ]
SQL: SELECT * FROM `gb_menus` WHERE ( id in (1,2,3,4,5,6,7,8,9,10,11,12,13,14,15,16,17,18,19,20,21,22,23,24,25,26,27,28,29,30,31,32,33,34,35,36,37,38,39,40,41,42,43,44,45,55,56,57,58,59,60,61,62,63,64,65,66,67,68,69,70,71,75) and is_show=1 and parent_id=7 and ptype=1 ) ORDER BY rank,id  [ RunTime:0.0018s ]
SQL: SELECT * FROM `gb_menus` WHERE ( id in (1,2,3,4,5,6,7,8,9,10,11,12,13,14,15,16,17,18,19,20,21,22,23,24,25,26,27,28,29,30,31,32,33,34,35,36,37,38,39,40,41,42,43,44,45,55,56,57,58,59,60,61,62,63,64,65,66,67,68,69,70,71,75) and is_show=1 and parent_id=24 and ptype=2 ) ORDER BY rank,id  [ RunTime:0.0019s ]
SQL: SELECT * FROM `gb_menus` WHERE ( id in (1,2,3,4,5,6,7,8,9,10,11,12,13,14,15,16,17,18,19,20,21,22,23,24,25,26,27,28,29,30,31,32,33,34,35,36,37,38,39,40,41,42,43,44,45,55,56,57,58,59,60,61,62,63,64,65,66,67,68,69,70,71,75) and is_show=1 and parent_id=25 and ptype=2 ) ORDER BY rank,id  [ RunTime:0.0012s ]
SQL: SELECT * FROM `gb_menus` WHERE ( id in (1,2,3,4,5,6,7,8,9,10,11,12,13,14,15,16,17,18,19,20,21,22,23,24,25,26,27,28,29,30,31,32,33,34,35,36,37,38,39,40,41,42,43,44,45,55,56,57,58,59,60,61,62,63,64,65,66,67,68,69,70,71,75) and is_show=1 and parent_id=26 and ptype=2 ) ORDER BY rank,id  [ RunTime:0.0010s ]
SQL: SELECT * FROM `gb_menus` WHERE ( id in (1,2,3,4,5,6,7,8,9,10,11,12,13,14,15,16,17,18,19,20,21,22,23,24,25,26,27,28,29,30,31,32,33,34,35,36,37,38,39,40,41,42,43,44,45,55,56,57,58,59,60,61,62,63,64,65,66,67,68,69,70,71,75) and is_show=1 and parent_id=27 and ptype=2 ) ORDER BY rank,id  [ RunTime:0.0009s ]
SQL: SELECT * FROM `gb_menus` WHERE ( id in (1,2,3,4,5,6,7,8,9,10,11,12,13,14,15,16,17,18,19,20,21,22,23,24,25,26,27,28,29,30,31,32,33,34,35,36,37,38,39,40,41,42,43,44,45,55,56,57,58,59,60,61,62,63,64,65,66,67,68,69,70,71,75) and is_show=1 and parent_id=28 and ptype=2 ) ORDER BY rank,id  [ RunTime:0.0010s ]
SQL: SELECT * FROM `gb_menus` WHERE ( id in (1,2,3,4,5,6,7,8,9,10,11,12,13,14,15,16,17,18,19,20,21,22,23,24,25,26,27,28,29,30,31,32,33,34,35,36,37,38,39,40,41,42,43,44,45,55,56,57,58,59,60,61,62,63,64,65,66,67,68,69,70,71,75) and is_show=1 and parent_id=29 and ptype=2 ) ORDER BY rank,id  [ RunTime:0.0009s ]
SQL: SELECT * FROM `gb_menus` WHERE ( id in (1,2,3,4,5,6,7,8,9,10,11,12,13,14,15,16,17,18,19,20,21,22,23,24,25,26,27,28,29,30,31,32,33,34,35,36,37,38,39,40,41,42,43,44,45,55,56,57,58,59,60,61,62,63,64,65,66,67,68,69,70,71,75) and is_show=1 and parent_id=30 and ptype=2 ) ORDER BY rank,id  [ RunTime:0.0009s ]
SQL: SELECT * FROM `gb_menus` WHERE ( id in (1,2,3,4,5,6,7,8,9,10,11,12,13,14,15,16,17,18,19,20,21,22,23,24,25,26,27,28,29,30,31,32,33,34,35,36,37,38,39,40,41,42,43,44,45,55,56,57,58,59,60,61,62,63,64,65,66,67,68,69,70,71,75) and is_show=1 and parent_id=8 and ptype=1 ) ORDER BY rank,id  [ RunTime:0.0010s ]
SQL: SELECT * FROM `gb_menus` WHERE ( id in (1,2,3,4,5,6,7,8,9,10,11,12,13,14,15,16,17,18,19,20,21,22,23,24,25,26,27,28,29,30,31,32,33,34,35,36,37,38,39,40,41,42,43,44,45,55,56,57,58,59,60,61,62,63,64,65,66,67,68,69,70,71,75) and is_show=1 and parent_id=34 and ptype=2 ) ORDER BY rank,id  [ RunTime:0.0009s ]
SQL: SELECT * FROM `gb_menus` WHERE ( id in (1,2,3,4,5,6,7,8,9,10,11,12,13,14,15,16,17,18,19,20,21,22,23,24,25,26,27,28,29,30,31,32,33,34,35,36,37,38,39,40,41,42,43,44,45,55,56,57,58,59,60,61,62,63,64,65,66,67,68,69,70,71,75) and is_show=1 and parent_id=35 and ptype=2 ) ORDER BY rank,id  [ RunTime:0.0006s ]
SQL: SELECT * FROM `gb_menus` WHERE ( id in (1,2,3,4,5,6,7,8,9,10,11,12,13,14,15,16,17,18,19,20,21,22,23,24,25,26,27,28,29,30,31,32,33,34,35,36,37,38,39,40,41,42,43,44,45,55,56,57,58,59,60,61,62,63,64,65,66,67,68,69,70,71,75) and is_show=1 and parent_id=36 and ptype=2 ) ORDER BY rank,id  [ RunTime:0.0006s ]
SQL: SELECT * FROM `gb_menus` WHERE ( id in (1,2,3,4,5,6,7,8,9,10,11,12,13,14,15,16,17,18,19,20,21,22,23,24,25,26,27,28,29,30,31,32,33,34,35,36,37,38,39,40,41,42,43,44,45,55,56,57,58,59,60,61,62,63,64,65,66,67,68,69,70,71,75) and is_show=1 and parent_id=39 and ptype=1 ) ORDER BY rank,id  [ RunTime:0.0006s ]
SQL: SELECT * FROM `gb_menus` WHERE ( id in (1,2,3,4,5,6,7,8,9,10,11,12,13,14,15,16,17,18,19,20,21,22,23,24,25,26,27,28,29,30,31,32,33,34,35,36,37,38,39,40,41,42,43,44,45,55,56,57,58,59,60,61,62,63,64,65,66,67,68,69,70,71,75) and is_show=1 and parent_id=40 and ptype=2 ) ORDER BY rank,id  [ RunTime:0.0006s ]
SQL: SELECT * FROM `gb_menus` WHERE ( id in (1,2,3,4,5,6,7,8,9,10,11,12,13,14,15,16,17,18,19,20,21,22,23,24,25,26,27,28,29,30,31,32,33,34,35,36,37,38,39,40,41,42,43,44,45,55,56,57,58,59,60,61,62,63,64,65,66,67,68,69,70,71,75) and is_show=1 and parent_id=41 and ptype=2 ) ORDER BY rank,id  [ RunTime:0.0008s ]
SQL: SELECT * FROM `gb_menus` WHERE ( id in (1,2,3,4,5,6,7,8,9,10,11,12,13,14,15,16,17,18,19,20,21,22,23,24,25,26,27,28,29,30,31,32,33,34,35,36,37,38,39,40,41,42,43,44,45,55,56,57,58,59,60,61,62,63,64,65,66,67,68,69,70,71,75) and is_show=1 and parent_id=42 and ptype=2 ) ORDER BY rank,id  [ RunTime:0.0006s ]
SQL: SELECT * FROM `gb_menus` WHERE ( id in (1,2,3,4,5,6,7,8,9,10,11,12,13,14,15,16,17,18,19,20,21,22,23,24,25,26,27,28,29,30,31,32,33,34,35,36,37,38,39,40,41,42,43,44,45,55,56,57,58,59,60,61,62,63,64,65,66,67,68,69,70,71,75) and is_show=1 and parent_id=43 and ptype=2 ) ORDER BY rank,id  [ RunTime:0.0007s ]
NOTIC: [8] Undefined index: sub_menus E:\por\oa\Common\Common\Controller\AdminBaseController.class.php 第 235 行.
NOTIC: [8] Undefined index: sub_menus E:\por\oa\Common\Common\Controller\AdminBaseController.class.php 第 235 行.
NOTIC: [8] Undefined index: sub_menus E:\por\oa\Common\Common\Controller\AdminBaseController.class.php 第 235 行.
NOTIC: [8] Undefined index: sub_menus E:\por\oa\Common\Common\Controller\AdminBaseController.class.php 第 235 行.
NOTIC: [8] Undefined index: sub_menus E:\por\oa\Common\Common\Controller\AdminBaseController.class.php 第 235 行.
NOTIC: [8] Undefined index: sub_menus E:\por\oa\Common\Common\Controller\AdminBaseController.class.php 第 235 行.
SQL: SHOW COLUMNS FROM `gb_items` [ RunTime:0.0874s ]
SQL: SHOW COLUMNS FROM `gb_items` [ RunTime:0.0082s ]
SQL: SELECT COUNT(*) AS tp_count FROM `gb_items` WHERE ( is_del=1 ) LIMIT 1   [ RunTime:0.0261s ]
SQL: SELECT COUNT(*) AS tp_count FROM `gb_items` WHERE ( is_del=0 ) LIMIT 1   [ RunTime:0.0005s ]
SQL: SELECT COUNT(*) AS tp_count FROM `gb_items` WHERE ( is_del=0 and is_over=1 ) LIMIT 1   [ RunTime:0.0006s ]
SQL: SELECT COUNT(*) AS tp_count FROM `gb_items` WHERE ( is_del=0 and is_over=0 ) LIMIT 1   [ RunTime:0.0005s ]
SQL: SELECT COUNT(*) AS tp_count FROM `gb_items` WHERE ( is_del=0 and (create_time<=1477411200 and create_time>=1477497599) ) LIMIT 1   [ RunTime:0.0008s ]
SQL: SHOW COLUMNS FROM `gb_products` [ RunTime:0.1236s ]
SQL: SELECT * FROM `gb_products` WHERE ( status<3 ) ORDER BY status asc,create_time desc LIMIT 5   [ RunTime:0.0007s ]
SQL: SHOW COLUMNS FROM `gb_product_order` [ RunTime:0.0791s ]
SQL: SELECT a.*,p.name,p.code,p.number FROM gb_product_order a left join gb_products p on p.id=a.product_id  WHERE ( a.is_del=0 ) ORDER BY a.update_time desc LIMIT 5   [ RunTime:0.0008s ]
SQL: SHOW COLUMNS FROM `gb_ptypes` [ RunTime:0.0895s ]
SQL: SELECT * FROM `gb_ptypes` WHERE ( id=3 )  [ RunTime:0.0007s ]
SQL: SHOW COLUMNS FROM `gb_product_pic` [ RunTime:0.0766s ]
SQL: SELECT a.*,p.name,p.code,p.number FROM gb_product_pic a left join gb_products p on p.id=a.product_id  WHERE ( a.is_over=0 )  [ RunTime:0.0009s ]
SQL: SELECT a.id,a.admin_user_id,a.msg,a.create_time,ifnull(u.name,u.username) as username,u.head_pic FROM gb_deport_message a left join gb_admin_user u on u.id=a.admin_user_id  WHERE ( a.create_time>=1477210756 or a.deport_id=0 ) ORDER BY a.create_time desc  [ RunTime:0.0008s ]
INFO: [ view_parse ] --START--
INFO: [ template_filter ] --START--
INFO: Run Behavior\ContentReplaceBehavior [ RunTime:0.000355s ]
INFO: [ template_filter ] --END-- [ RunTime:0.000445s ]
NOTIC: [8] Undefined index: first_code E:\por\oa\Runtime\Cache\Home\2f412aae274b751dca883838bf7e7502.php 第 311 行.
NOTIC: [8] Undefined index: sub_menus E:\por\oa\Runtime\Cache\Home\2f412aae274b751dca883838bf7e7502.php 第 312 行.
NOTIC: [8] Undefined index: sub_menus E:\por\oa\Runtime\Cache\Home\2f412aae274b751dca883838bf7e7502.php 第 315 行.
NOTIC: [8] Undefined index: sub_menus E:\por\oa\Runtime\Cache\Home\2f412aae274b751dca883838bf7e7502.php 第 318 行.
NOTIC: [8] Undefined index: first_code E:\por\oa\Runtime\Cache\Home\2f412aae274b751dca883838bf7e7502.php 第 311 行.
NOTIC: [8] Undefined index: sub_menus E:\por\oa\Runtime\Cache\Home\2f412aae274b751dca883838bf7e7502.php 第 312 行.
NOTIC: [8] Undefined index: sub_menus E:\por\oa\Runtime\Cache\Home\2f412aae274b751dca883838bf7e7502.php 第 315 行.
NOTIC: [8] Undefined index: sub_menus E:\por\oa\Runtime\Cache\Home\2f412aae274b751dca883838bf7e7502.php 第 318 行.
NOTIC: [8] Undefined index: first_code E:\por\oa\Runtime\Cache\Home\2f412aae274b751dca883838bf7e7502.php 第 311 行.
NOTIC: [8] Undefined index: sub_menus E:\por\oa\Runtime\Cache\Home\2f412aae274b751dca883838bf7e7502.php 第 312 行.
NOTIC: [8] Undefined index: sub_menus E:\por\oa\Runtime\Cache\Home\2f412aae274b751dca883838bf7e7502.php 第 315 行.
NOTIC: [8] Undefined index: sub_menus E:\por\oa\Runtime\Cache\Home\2f412aae274b751dca883838bf7e7502.php 第 318 行.
NOTIC: [8] Undefined index: first_code E:\por\oa\Runtime\Cache\Home\2f412aae274b751dca883838bf7e7502.php 第 311 行.
NOTIC: [8] Undefined index: sub_menus E:\por\oa\Runtime\Cache\Home\2f412aae274b751dca883838bf7e7502.php 第 312 行.
NOTIC: [8] Undefined index: sub_menus E:\por\oa\Runtime\Cache\Home\2f412aae274b751dca883838bf7e7502.php 第 315 行.
NOTIC: [8] Undefined index: sub_menus E:\por\oa\Runtime\Cache\Home\2f412aae274b751dca883838bf7e7502.php 第 318 行.
NOTIC: [8] Undefined index: first_code E:\por\oa\Runtime\Cache\Home\2f412aae274b751dca883838bf7e7502.php 第 311 行.
NOTIC: [8] Undefined index: sub_menus E:\por\oa\Runtime\Cache\Home\2f412aae274b751dca883838bf7e7502.php 第 312 行.
NOTIC: [8] Undefined index: sub_menus E:\por\oa\Runtime\Cache\Home\2f412aae274b751dca883838bf7e7502.php 第 315 行.
NOTIC: [8] Undefined index: sub_menus E:\por\oa\Runtime\Cache\Home\2f412aae274b751dca883838bf7e7502.php 第 318 行.
NOTIC: [8] Undefined index: first_code E:\por\oa\Runtime\Cache\Home\2f412aae274b751dca883838bf7e7502.php 第 311 行.
NOTIC: [8] Undefined index: sub_menus E:\por\oa\Runtime\Cache\Home\2f412aae274b751dca883838bf7e7502.php 第 312 行.
NOTIC: [8] Undefined index: sub_menus E:\por\oa\Runtime\Cache\Home\2f412aae274b751dca883838bf7e7502.php 第 315 行.
NOTIC: [8] Undefined index: sub_menus E:\por\oa\Runtime\Cache\Home\2f412aae274b751dca883838bf7e7502.php 第 318 行.
NOTIC: [8] Undefined variable: locations E:\por\oa\Runtime\Cache\Home\2f412aae274b751dca883838bf7e7502.php 第 367 行.
NOTIC: [2] Invalid argument supplied for foreach() E:\por\oa\Runtime\Cache\Home\2f412aae274b751dca883838bf7e7502.php 第 367 行.
SQL: SELECT * FROM `gb_mall`  [ RunTime:0.0004s ]
SQL: SHOW COLUMNS FROM `gb_products` [ RunTime:0.0040s ]
SQL: SELECT * FROM `gb_products`  [ RunTime:0.0006s ]
SQL: SELECT * FROM `gb_product_pic` WHERE ( is_over=0 and is_del=0 ) GROUP BY product_id  [ RunTime:0.0004s ]
SQL: SHOW COLUMNS FROM `gb_product_order` [ RunTime:0.0041s ]
SQL: SELECT * FROM `gb_product_order` WHERE ( dh_time!=0 and is_del=0 )  [ RunTime:0.0004s ]
SQL: SELECT * FROM `gb_product_order` WHERE ( deliver_time!=0 and is_del=0 )  [ RunTime:0.0003s ]
SQL: SHOW COLUMNS FROM `gb_product_pic_status` [ RunTime:0.0741s ]
SQL: SELECT * FROM `gb_product_pic_status` WHERE ( ptype_status_id=1 ) GROUP BY product_pic_id  [ RunTime:0.0005s ]
SQL: SELECT * FROM `gb_product_pic_status` WHERE ( ptype_status_id=8 ) GROUP BY product_pic_id  [ RunTime:0.0005s ]
SQL: SELECT * FROM `gb_product_pic_status` WHERE ( ptype_status_id=6 ) GROUP BY product_pic_id  [ RunTime:0.0006s ]
SQL: SHOW COLUMNS FROM `gb_shop` [ RunTime:0.0801s ]
SQL: SELECT * FROM gb_shop a left join gb_count_info b on a.id=b.shop_id   WHERE ( b.mall_id=1 )  [ RunTime:0.1092s ]
SQL: SELECT * FROM gb_shop a left join gb_count_info b on a.id=b.shop_id   WHERE ( b.mall_id=2 )  [ RunTime:0.0003s ]
SQL: SELECT * FROM gb_shop a left join gb_count_info b on a.id=b.shop_id   WHERE ( b.mall_id=3 )  [ RunTime:0.0002s ]
SQL: SELECT * FROM gb_shop a left join gb_count_info b on a.id=b.shop_id   WHERE ( b.mall_id=4 )  [ RunTime:0.0003s ]
SQL: SELECT * FROM gb_shop a left join gb_count_info b on a.id=b.shop_id   WHERE ( b.mall_id=5 )  [ RunTime:0.0002s ]
SQL: SELECT * FROM gb_shop a left join gb_count_info b on a.id=b.shop_id   WHERE ( b.mall_id=6 )  [ RunTime:0.0002s ]
SQL: SELECT * FROM gb_shop a left join gb_count_info b on a.id=b.shop_id left join gb_products p on b.product_id=p.id  WHERE ( b.mall_id=1 and p.status=1 )  [ RunTime:0.0003s ]
SQL: SELECT * FROM gb_shop a left join gb_count_info b on a.id=b.shop_id left join gb_products p on b.product_id=p.id  WHERE ( b.mall_id=2 and p.status=1 )  [ RunTime:0.0003s ]
SQL: SELECT * FROM gb_shop a left join gb_count_info b on a.id=b.shop_id left join gb_products p on b.product_id=p.id  WHERE ( b.mall_id=3 and p.status=1 )  [ RunTime:0.0003s ]
SQL: SELECT * FROM gb_shop a left join gb_count_info b on a.id=b.shop_id left join gb_products p on b.product_id=p.id  WHERE ( b.mall_id=4 and p.status=1 )  [ RunTime:0.0003s ]
SQL: SELECT * FROM gb_shop a left join gb_count_info b on a.id=b.shop_id left join gb_products p on b.product_id=p.id  WHERE ( b.mall_id=5 and p.status=1 )  [ RunTime:0.0003s ]
SQL: SELECT * FROM gb_shop a left join gb_count_info b on a.id=b.shop_id left join gb_products p on b.product_id=p.id  WHERE ( b.mall_id=6 and p.status=1 )  [ RunTime:0.0003s ]
NOTIC: [8] Undefined variable: is_kindeditor E:\por\oa\Runtime\Cache\Home\2f412aae274b751dca883838bf7e7502.php 第 931 行.
INFO: Run Behavior\ParseTemplateBehavior [ RunTime:0.848975s ]
INFO: [ view_parse ] --END-- [ RunTime:0.849119s ]
INFO: [ view_filter ] --START--
INFO: Run Behavior\WriteHtmlCacheBehavior [ RunTime:0.000615s ]
INFO: [ view_filter ] --END-- [ RunTime:0.000666s ]
INFO: [ app_end ] --START--
INFO: Run Behavior\ShowPageTraceBehavior [ RunTime:0.000742s ]
INFO: [ app_end ] --END-- [ RunTime:0.000819s ]

[ 2016-10-26T16:20:53+08:00 ] 127.0.0.1 /
INFO: [ app_init ] --START--
INFO: Run Behavior\BuildLiteBehavior [ RunTime:0.000013s ]
INFO: [ app_init ] --END-- [ RunTime:0.000388s ]
INFO: [ app_begin ] --START--
INFO: Run Behavior\ReadHtmlCacheBehavior [ RunTime:0.000508s ]
INFO: [ app_begin ] --END-- [ RunTime:0.000560s ]
SQL: SHOW COLUMNS FROM `gb_admin_user` [ RunTime:0.0029s ]
SQL: SELECT * FROM `gb_admin_user` WHERE ( id=1 ) LIMIT 1   [ RunTime:0.0004s ]
NOTIC: [8] Undefined index: is_lock E:\por\oa\Common\Common\Controller\AdminBaseController.class.php 第 16 行.
SQL: SHOW COLUMNS FROM `gb_roles` [ RunTime:0.0027s ]
SQL: SELECT * FROM `gb_roles` WHERE ( id=1 ) LIMIT 1   [ RunTime:0.0003s ]
SQL: SHOW COLUMNS FROM `gb_deport` [ RunTime:0.0028s ]
SQL: SELECT * FROM `gb_deport` WHERE ( id=1 ) LIMIT 1   [ RunTime:0.0003s ]
SQL: SHOW COLUMNS FROM `gb_admin_user_show` [ RunTime:0.0028s ]
SQL: SELECT * FROM `gb_admin_user_show` WHERE ( admin_user_id=1 and is_background=0 )  [ RunTime:0.0003s ]
SQL: SELECT * FROM `gb_admin_user_show` WHERE ( admin_user_id=1 and is_background=1 ) LIMIT 1   [ RunTime:0.0002s ]
SQL: SHOW COLUMNS FROM `gb_deport_message` [ RunTime:0.0027s ]
SQL: SELECT a.msg,a.create_time,ifnull(u.name,u.username) as username,u.head_pic FROM gb_deport_message a left join gb_admin_user u on u.id=a.admin_user_id  WHERE ( a.create_time>=1477038053 ) ORDER BY a.create_time desc LIMIT 5   [ RunTime:0.0003s ]
NOTIC: [8] Undefined variable: user_info E:\por\oa\Common\Common\Controller\AdminBaseController.class.php 第 180 行.
SQL: SELECT * FROM `gb_roles` WHERE ( id=1 ) LIMIT 1   [ RunTime:0.0003s ]
SQL: SHOW COLUMNS FROM `gb_role_menus` [ RunTime:0.0026s ]
SQL: SELECT * FROM `gb_role_menus` WHERE ( role_id=1 )  [ RunTime:0.0004s ]
SQL: SHOW COLUMNS FROM `gb_menus` [ RunTime:0.0027s ]
SQL: SELECT * FROM `gb_menus` WHERE ( id in (1,2,3,4,5,6,7,8,9,10,11,12,13,14,15,16,17,18,19,20,21,22,23,24,25,26,27,28,29,30,31,32,33,34,35,36,37,38,39,40,41,42,43,44,45,55,56,57,58,59,60,61,62,63,64,65,66,67,68,69,70,71,75) and is_show=1 and ptype=0 ) ORDER BY rank,id  [ RunTime:0.0005s ]
SQL: SELECT * FROM `gb_menus` WHERE ( id in (1,2,3,4,5,6,7,8,9,10,11,12,13,14,15,16,17,18,19,20,21,22,23,24,25,26,27,28,29,30,31,32,33,34,35,36,37,38,39,40,41,42,43,44,45,55,56,57,58,59,60,61,62,63,64,65,66,67,68,69,70,71,75) and is_show=1 and parent_id=1 and ptype=1 ) ORDER BY rank,id  [ RunTime:0.0004s ]
SQL: SELECT * FROM `gb_menus` WHERE ( id in (1,2,3,4,5,6,7,8,9,10,11,12,13,14,15,16,17,18,19,20,21,22,23,24,25,26,27,28,29,30,31,32,33,34,35,36,37,38,39,40,41,42,43,44,45,55,56,57,58,59,60,61,62,63,64,65,66,67,68,69,70,71,75) and is_show=1 and parent_id=75 and ptype=1 ) ORDER BY rank,id  [ RunTime:0.0005s ]
SQL: SELECT * FROM `gb_menus` WHERE ( id in (1,2,3,4,5,6,7,8,9,10,11,12,13,14,15,16,17,18,19,20,21,22,23,24,25,26,27,28,29,30,31,32,33,34,35,36,37,38,39,40,41,42,43,44,45,55,56,57,58,59,60,61,62,63,64,65,66,67,68,69,70,71,75) and is_show=1 and parent_id=55 and ptype=1 ) ORDER BY rank,id  [ RunTime:0.0007s ]
SQL: SELECT * FROM `gb_menus` WHERE ( id in (1,2,3,4,5,6,7,8,9,10,11,12,13,14,15,16,17,18,19,20,21,22,23,24,25,26,27,28,29,30,31,32,33,34,35,36,37,38,39,40,41,42,43,44,45,55,56,57,58,59,60,61,62,63,64,65,66,67,68,69,70,71,75) and is_show=1 and parent_id=56 and ptype=2 ) ORDER BY rank,id  [ RunTime:0.0004s ]
SQL: SELECT * FROM `gb_menus` WHERE ( id in (1,2,3,4,5,6,7,8,9,10,11,12,13,14,15,16,17,18,19,20,21,22,23,24,25,26,27,28,29,30,31,32,33,34,35,36,37,38,39,40,41,42,43,44,45,55,56,57,58,59,60,61,62,63,64,65,66,67,68,69,70,71,75) and is_show=1 and parent_id=57 and ptype=2 ) ORDER BY rank,id  [ RunTime:0.0004s ]
SQL: SELECT * FROM `gb_menus` WHERE ( id in (1,2,3,4,5,6,7,8,9,10,11,12,13,14,15,16,17,18,19,20,21,22,23,24,25,26,27,28,29,30,31,32,33,34,35,36,37,38,39,40,41,42,43,44,45,55,56,57,58,59,60,61,62,63,64,65,66,67,68,69,70,71,75) and is_show=1 and parent_id=58 and ptype=2 ) ORDER BY rank,id  [ RunTime:0.0004s ]
SQL: SELECT * FROM `gb_menus` WHERE ( id in (1,2,3,4,5,6,7,8,9,10,11,12,13,14,15,16,17,18,19,20,21,22,23,24,25,26,27,28,29,30,31,32,33,34,35,36,37,38,39,40,41,42,43,44,45,55,56,57,58,59,60,61,62,63,64,65,66,67,68,69,70,71,75) and is_show=1 and parent_id=59 and ptype=2 ) ORDER BY rank,id  [ RunTime:0.0004s ]
SQL: SELECT * FROM `gb_menus` WHERE ( id in (1,2,3,4,5,6,7,8,9,10,11,12,13,14,15,16,17,18,19,20,21,22,23,24,25,26,27,28,29,30,31,32,33,34,35,36,37,38,39,40,41,42,43,44,45,55,56,57,58,59,60,61,62,63,64,65,66,67,68,69,70,71,75) and is_show=1 and parent_id=60 and ptype=2 ) ORDER BY rank,id  [ RunTime:0.0004s ]
SQL: SELECT * FROM `gb_menus` WHERE ( id in (1,2,3,4,5,6,7,8,9,10,11,12,13,14,15,16,17,18,19,20,21,22,23,24,25,26,27,28,29,30,31,32,33,34,35,36,37,38,39,40,41,42,43,44,45,55,56,57,58,59,60,61,62,63,64,65,66,67,68,69,70,71,75) and is_show=1 and parent_id=61 and ptype=2 ) ORDER BY rank,id  [ RunTime:0.0005s ]
SQL: SELECT * FROM `gb_menus` WHERE ( id in (1,2,3,4,5,6,7,8,9,10,11,12,13,14,15,16,17,18,19,20,21,22,23,24,25,26,27,28,29,30,31,32,33,34,35,36,37,38,39,40,41,42,43,44,45,55,56,57,58,59,60,61,62,63,64,65,66,67,68,69,70,71,75) and is_show=1 and parent_id=62 and ptype=2 ) ORDER BY rank,id  [ RunTime:0.0004s ]
SQL: SELECT * FROM `gb_menus` WHERE ( id in (1,2,3,4,5,6,7,8,9,10,11,12,13,14,15,16,17,18,19,20,21,22,23,24,25,26,27,28,29,30,31,32,33,34,35,36,37,38,39,40,41,42,43,44,45,55,56,57,58,59,60,61,62,63,64,65,66,67,68,69,70,71,75) and is_show=1 and parent_id=63 and ptype=2 ) ORDER BY rank,id  [ RunTime:0.0004s ]
SQL: SELECT * FROM `gb_menus` WHERE ( id in (1,2,3,4,5,6,7,8,9,10,11,12,13,14,15,16,17,18,19,20,21,22,23,24,25,26,27,28,29,30,31,32,33,34,35,36,37,38,39,40,41,42,43,44,45,55,56,57,58,59,60,61,62,63,64,65,66,67,68,69,70,71,75) and is_show=1 and parent_id=64 and ptype=2 ) ORDER BY rank,id  [ RunTime:0.0004s ]
SQL: SELECT * FROM `gb_menus` WHERE ( id in (1,2,3,4,5,6,7,8,9,10,11,12,13,14,15,16,17,18,19,20,21,22,23,24,25,26,27,28,29,30,31,32,33,34,35,36,37,38,39,40,41,42,43,44,45,55,56,57,58,59,60,61,62,63,64,65,66,67,68,69,70,71,75) and is_show=1 and parent_id=65 and ptype=2 ) ORDER BY rank,id  [ RunTime:0.0004s ]
SQL: SELECT * FROM `gb_menus` WHERE ( id in (1,2,3,4,5,6,7,8,9,10,11,12,13,14,15,16,17,18,19,20,21,22,23,24,25,26,27,28,29,30,31,32,33,34,35,36,37,38,39,40,41,42,43,44,45,55,56,57,58,59,60,61,62,63,64,65,66,67,68,69,70,71,75) and is_show=1 and parent_id=66 and ptype=2 ) ORDER BY rank,id  [ RunTime:0.0005s ]
SQL: SELECT * FROM `gb_menus` WHERE ( id in (1,2,3,4,5,6,7,8,9,10,11,12,13,14,15,16,17,18,19,20,21,22,23,24,25,26,27,28,29,30,31,32,33,34,35,36,37,38,39,40,41,42,43,44,45,55,56,57,58,59,60,61,62,63,64,65,66,67,68,69,70,71,75) and is_show=1 and parent_id=67 and ptype=2 ) ORDER BY rank,id  [ RunTime:0.0004s ]
SQL: SELECT * FROM `gb_menus` WHERE ( id in (1,2,3,4,5,6,7,8,9,10,11,12,13,14,15,16,17,18,19,20,21,22,23,24,25,26,27,28,29,30,31,32,33,34,35,36,37,38,39,40,41,42,43,44,45,55,56,57,58,59,60,61,62,63,64,65,66,67,68,69,70,71,75) and is_show=1 and parent_id=68 and ptype=2 ) ORDER BY rank,id  [ RunTime:0.0004s ]
SQL: SELECT * FROM `gb_menus` WHERE ( id in (1,2,3,4,5,6,7,8,9,10,11,12,13,14,15,16,17,18,19,20,21,22,23,24,25,26,27,28,29,30,31,32,33,34,35,36,37,38,39,40,41,42,43,44,45,55,56,57,58,59,60,61,62,63,64,65,66,67,68,69,70,71,75) and is_show=1 and parent_id=69 and ptype=2 ) ORDER BY rank,id  [ RunTime:0.0004s ]
SQL: SELECT * FROM `gb_menus` WHERE ( id in (1,2,3,4,5,6,7,8,9,10,11,12,13,14,15,16,17,18,19,20,21,22,23,24,25,26,27,28,29,30,31,32,33,34,35,36,37,38,39,40,41,42,43,44,45,55,56,57,58,59,60,61,62,63,64,65,66,67,68,69,70,71,75) and is_show=1 and parent_id=70 and ptype=2 ) ORDER BY rank,id  [ RunTime:0.0003s ]
SQL: SELECT * FROM `gb_menus` WHERE ( id in (1,2,3,4,5,6,7,8,9,10,11,12,13,14,15,16,17,18,19,20,21,22,23,24,25,26,27,28,29,30,31,32,33,34,35,36,37,38,39,40,41,42,43,44,45,55,56,57,58,59,60,61,62,63,64,65,66,67,68,69,70,71,75) and is_show=1 and parent_id=71 and ptype=2 ) ORDER BY rank,id  [ RunTime:0.0003s ]
SQL: SELECT * FROM `gb_menus` WHERE ( id in (1,2,3,4,5,6,7,8,9,10,11,12,13,14,15,16,17,18,19,20,21,22,23,24,25,26,27,28,29,30,31,32,33,34,35,36,37,38,39,40,41,42,43,44,45,55,56,57,58,59,60,61,62,63,64,65,66,67,68,69,70,71,75) and is_show=1 and parent_id=2 and ptype=1 ) ORDER BY rank,id  [ RunTime:0.0004s ]
SQL: SELECT * FROM `gb_menus` WHERE ( id in (1,2,3,4,5,6,7,8,9,10,11,12,13,14,15,16,17,18,19,20,21,22,23,24,25,26,27,28,29,30,31,32,33,34,35,36,37,38,39,40,41,42,43,44,45,55,56,57,58,59,60,61,62,63,64,65,66,67,68,69,70,71,75) and is_show=1 and parent_id=9 and ptype=2 ) ORDER BY rank,id  [ RunTime:0.0004s ]
SQL: SELECT * FROM `gb_menus` WHERE ( id in (1,2,3,4,5,6,7,8,9,10,11,12,13,14,15,16,17,18,19,20,21,22,23,24,25,26,27,28,29,30,31,32,33,34,35,36,37,38,39,40,41,42,43,44,45,55,56,57,58,59,60,61,62,63,64,65,66,67,68,69,70,71,75) and is_show=1 and parent_id=10 and ptype=2 ) ORDER BY rank,id  [ RunTime:0.0004s ]
SQL: SELECT * FROM `gb_menus` WHERE ( id in (1,2,3,4,5,6,7,8,9,10,11,12,13,14,15,16,17,18,19,20,21,22,23,24,25,26,27,28,29,30,31,32,33,34,35,36,37,38,39,40,41,42,43,44,45,55,56,57,58,59,60,61,62,63,64,65,66,67,68,69,70,71,75) and is_show=1 and parent_id=11 and ptype=2 ) ORDER BY rank,id  [ RunTime:0.0004s ]
SQL: SELECT * FROM `gb_menus` WHERE ( id in (1,2,3,4,5,6,7,8,9,10,11,12,13,14,15,16,17,18,19,20,21,22,23,24,25,26,27,28,29,30,31,32,33,34,35,36,37,38,39,40,41,42,43,44,45,55,56,57,58,59,60,61,62,63,64,65,66,67,68,69,70,71,75) and is_show=1 and parent_id=12 and ptype=2 ) ORDER BY rank,id  [ RunTime:0.0004s ]
SQL: SELECT * FROM `gb_menus` WHERE ( id in (1,2,3,4,5,6,7,8,9,10,11,12,13,14,15,16,17,18,19,20,21,22,23,24,25,26,27,28,29,30,31,32,33,34,35,36,37,38,39,40,41,42,43,44,45,55,56,57,58,59,60,61,62,63,64,65,66,67,68,69,70,71,75) and is_show=1 and parent_id=3 and ptype=1 ) ORDER BY rank,id  [ RunTime:0.0004s ]
SQL: SELECT * FROM `gb_menus` WHERE ( id in (1,2,3,4,5,6,7,8,9,10,11,12,13,14,15,16,17,18,19,20,21,22,23,24,25,26,27,28,29,30,31,32,33,34,35,36,37,38,39,40,41,42,43,44,45,55,56,57,58,59,60,61,62,63,64,65,66,67,68,69,70,71,75) and is_show=1 and parent_id=13 and ptype=2 ) ORDER BY rank,id  [ RunTime:0.0004s ]
SQL: SELECT * FROM `gb_menus` WHERE ( id in (1,2,3,4,5,6,7,8,9,10,11,12,13,14,15,16,17,18,19,20,21,22,23,24,25,26,27,28,29,30,31,32,33,34,35,36,37,38,39,40,41,42,43,44,45,55,56,57,58,59,60,61,62,63,64,65,66,67,68,69,70,71,75) and is_show=1 and parent_id=14 and ptype=2 ) ORDER BY rank,id  [ RunTime:0.0004s ]
SQL: SELECT * FROM `gb_menus` WHERE ( id in (1,2,3,4,5,6,7,8,9,10,11,12,13,14,15,16,17,18,19,20,21,22,23,24,25,26,27,28,29,30,31,32,33,34,35,36,37,38,39,40,41,42,43,44,45,55,56,57,58,59,60,61,62,63,64,65,66,67,68,69,70,71,75) and is_show=1 and parent_id=4 and ptype=1 ) ORDER BY rank,id  [ RunTime:0.0004s ]
SQL: SELECT * FROM `gb_menus` WHERE ( id in (1,2,3,4,5,6,7,8,9,10,11,12,13,14,15,16,17,18,19,20,21,22,23,24,25,26,27,28,29,30,31,32,33,34,35,36,37,38,39,40,41,42,43,44,45,55,56,57,58,59,60,61,62,63,64,65,66,67,68,69,70,71,75) and is_show=1 and parent_id=16 and ptype=2 ) ORDER BY rank,id  [ RunTime:0.0004s ]
SQL: SELECT * FROM `gb_menus` WHERE ( id in (1,2,3,4,5,6,7,8,9,10,11,12,13,14,15,16,17,18,19,20,21,22,23,24,25,26,27,28,29,30,31,32,33,34,35,36,37,38,39,40,41,42,43,44,45,55,56,57,58,59,60,61,62,63,64,65,66,67,68,69,70,71,75) and is_show=1 and parent_id=15 and ptype=2 ) ORDER BY rank,id  [ RunTime:0.0004s ]
SQL: SELECT * FROM `gb_menus` WHERE ( id in (1,2,3,4,5,6,7,8,9,10,11,12,13,14,15,16,17,18,19,20,21,22,23,24,25,26,27,28,29,30,31,32,33,34,35,36,37,38,39,40,41,42,43,44,45,55,56,57,58,59,60,61,62,63,64,65,66,67,68,69,70,71,75) and is_show=1 and parent_id=17 and ptype=2 ) ORDER BY rank,id  [ RunTime:0.0004s ]
SQL: SELECT * FROM `gb_menus` WHERE ( id in (1,2,3,4,5,6,7,8,9,10,11,12,13,14,15,16,17,18,19,20,21,22,23,24,25,26,27,28,29,30,31,32,33,34,35,36,37,38,39,40,41,42,43,44,45,55,56,57,58,59,60,61,62,63,64,65,66,67,68,69,70,71,75) and is_show=1 and parent_id=5 and ptype=1 ) ORDER BY rank,id  [ RunTime:0.0006s ]
SQL: SELECT * FROM `gb_menus` WHERE ( id in (1,2,3,4,5,6,7,8,9,10,11,12,13,14,15,16,17,18,19,20,21,22,23,24,25,26,27,28,29,30,31,32,33,34,35,36,37,38,39,40,41,42,43,44,45,55,56,57,58,59,60,61,62,63,64,65,66,67,68,69,70,71,75) and is_show=1 and parent_id=19 and ptype=2 ) ORDER BY rank,id  [ RunTime:0.0005s ]
SQL: SELECT * FROM `gb_menus` WHERE ( id in (1,2,3,4,5,6,7,8,9,10,11,12,13,14,15,16,17,18,19,20,21,22,23,24,25,26,27,28,29,30,31,32,33,34,35,36,37,38,39,40,41,42,43,44,45,55,56,57,58,59,60,61,62,63,64,65,66,67,68,69,70,71,75) and is_show=1 and parent_id=18 and ptype=2 ) ORDER BY rank,id  [ RunTime:0.0004s ]
SQL: SELECT * FROM `gb_menus` WHERE ( id in (1,2,3,4,5,6,7,8,9,10,11,12,13,14,15,16,17,18,19,20,21,22,23,24,25,26,27,28,29,30,31,32,33,34,35,36,37,38,39,40,41,42,43,44,45,55,56,57,58,59,60,61,62,63,64,65,66,67,68,69,70,71,75) and is_show=1 and parent_id=20 and ptype=2 ) ORDER BY rank,id  [ RunTime:0.0006s ]
SQL: SELECT * FROM `gb_menus` WHERE ( id in (1,2,3,4,5,6,7,8,9,10,11,12,13,14,15,16,17,18,19,20,21,22,23,24,25,26,27,28,29,30,31,32,33,34,35,36,37,38,39,40,41,42,43,44,45,55,56,57,58,59,60,61,62,63,64,65,66,67,68,69,70,71,75) and is_show=1 and parent_id=6 and ptype=1 ) ORDER BY rank,id  [ RunTime:0.0004s ]
SQL: SELECT * FROM `gb_menus` WHERE ( id in (1,2,3,4,5,6,7,8,9,10,11,12,13,14,15,16,17,18,19,20,21,22,23,24,25,26,27,28,29,30,31,32,33,34,35,36,37,38,39,40,41,42,43,44,45,55,56,57,58,59,60,61,62,63,64,65,66,67,68,69,70,71,75) and is_show=1 and parent_id=21 and ptype=2 ) ORDER BY rank,id  [ RunTime:0.0003s ]
SQL: SELECT * FROM `gb_menus` WHERE ( id in (1,2,3,4,5,6,7,8,9,10,11,12,13,14,15,16,17,18,19,20,21,22,23,24,25,26,27,28,29,30,31,32,33,34,35,36,37,38,39,40,41,42,43,44,45,55,56,57,58,59,60,61,62,63,64,65,66,67,68,69,70,71,75) and is_show=1 and parent_id=45 and ptype=2 ) ORDER BY rank,id  [ RunTime:0.0003s ]
SQL: SHOW COLUMNS FROM `gb_mall` [ RunTime:0.0026s ]
SQL: SELECT * FROM `gb_mall` WHERE ( is_del=0 )  [ RunTime:0.0003s ]
SQL: SELECT * FROM `gb_menus` WHERE ( id in (1,2,3,4,5,6,7,8,9,10,11,12,13,14,15,16,17,18,19,20,21,22,23,24,25,26,27,28,29,30,31,32,33,34,35,36,37,38,39,40,41,42,43,44,45,55,56,57,58,59,60,61,62,63,64,65,66,67,68,69,70,71,75) and is_show=1 and parent_id=7 and ptype=1 ) ORDER BY rank,id  [ RunTime:0.0004s ]
SQL: SELECT * FROM `gb_menus` WHERE ( id in (1,2,3,4,5,6,7,8,9,10,11,12,13,14,15,16,17,18,19,20,21,22,23,24,25,26,27,28,29,30,31,32,33,34,35,36,37,38,39,40,41,42,43,44,45,55,56,57,58,59,60,61,62,63,64,65,66,67,68,69,70,71,75) and is_show=1 and parent_id=24 and ptype=2 ) ORDER BY rank,id  [ RunTime:0.0003s ]
SQL: SELECT * FROM `gb_menus` WHERE ( id in (1,2,3,4,5,6,7,8,9,10,11,12,13,14,15,16,17,18,19,20,21,22,23,24,25,26,27,28,29,30,31,32,33,34,35,36,37,38,39,40,41,42,43,44,45,55,56,57,58,59,60,61,62,63,64,65,66,67,68,69,70,71,75) and is_show=1 and parent_id=25 and ptype=2 ) ORDER BY rank,id  [ RunTime:0.0004s ]
SQL: SELECT * FROM `gb_menus` WHERE ( id in (1,2,3,4,5,6,7,8,9,10,11,12,13,14,15,16,17,18,19,20,21,22,23,24,25,26,27,28,29,30,31,32,33,34,35,36,37,38,39,40,41,42,43,44,45,55,56,57,58,59,60,61,62,63,64,65,66,67,68,69,70,71,75) and is_show=1 and parent_id=26 and ptype=2 ) ORDER BY rank,id  [ RunTime:0.0004s ]
SQL: SELECT * FROM `gb_menus` WHERE ( id in (1,2,3,4,5,6,7,8,9,10,11,12,13,14,15,16,17,18,19,20,21,22,23,24,25,26,27,28,29,30,31,32,33,34,35,36,37,38,39,40,41,42,43,44,45,55,56,57,58,59,60,61,62,63,64,65,66,67,68,69,70,71,75) and is_show=1 and parent_id=27 and ptype=2 ) ORDER BY rank,id  [ RunTime:0.0004s ]
SQL: SELECT * FROM `gb_menus` WHERE ( id in (1,2,3,4,5,6,7,8,9,10,11,12,13,14,15,16,17,18,19,20,21,22,23,24,25,26,27,28,29,30,31,32,33,34,35,36,37,38,39,40,41,42,43,44,45,55,56,57,58,59,60,61,62,63,64,65,66,67,68,69,70,71,75) and is_show=1 and parent_id=28 and ptype=2 ) ORDER BY rank,id  [ RunTime:0.0004s ]
SQL: SELECT * FROM `gb_menus` WHERE ( id in (1,2,3,4,5,6,7,8,9,10,11,12,13,14,15,16,17,18,19,20,21,22,23,24,25,26,27,28,29,30,31,32,33,34,35,36,37,38,39,40,41,42,43,44,45,55,56,57,58,59,60,61,62,63,64,65,66,67,68,69,70,71,75) and is_show=1 and parent_id=29 and ptype=2 ) ORDER BY rank,id  [ RunTime:0.0003s ]
SQL: SELECT * FROM `gb_menus` WHERE ( id in (1,2,3,4,5,6,7,8,9,10,11,12,13,14,15,16,17,18,19,20,21,22,23,24,25,26,27,28,29,30,31,32,33,34,35,36,37,38,39,40,41,42,43,44,45,55,56,57,58,59,60,61,62,63,64,65,66,67,68,69,70,71,75) and is_show=1 and parent_id=30 and ptype=2 ) ORDER BY rank,id  [ RunTime:0.0004s ]
SQL: SELECT * FROM `gb_menus` WHERE ( id in (1,2,3,4,5,6,7,8,9,10,11,12,13,14,15,16,17,18,19,20,21,22,23,24,25,26,27,28,29,30,31,32,33,34,35,36,37,38,39,40,41,42,43,44,45,55,56,57,58,59,60,61,62,63,64,65,66,67,68,69,70,71,75) and is_show=1 and parent_id=8 and ptype=1 ) ORDER BY rank,id  [ RunTime:0.0004s ]
SQL: SELECT * FROM `gb_menus` WHERE ( id in (1,2,3,4,5,6,7,8,9,10,11,12,13,14,15,16,17,18,19,20,21,22,23,24,25,26,27,28,29,30,31,32,33,34,35,36,37,38,39,40,41,42,43,44,45,55,56,57,58,59,60,61,62,63,64,65,66,67,68,69,70,71,75) and is_show=1 and parent_id=34 and ptype=2 ) ORDER BY rank,id  [ RunTime:0.0004s ]
SQL: SELECT * FROM `gb_menus` WHERE ( id in (1,2,3,4,5,6,7,8,9,10,11,12,13,14,15,16,17,18,19,20,21,22,23,24,25,26,27,28,29,30,31,32,33,34,35,36,37,38,39,40,41,42,43,44,45,55,56,57,58,59,60,61,62,63,64,65,66,67,68,69,70,71,75) and is_show=1 and parent_id=35 and ptype=2 ) ORDER BY rank,id  [ RunTime:0.0004s ]
SQL: SELECT * FROM `gb_menus` WHERE ( id in (1,2,3,4,5,6,7,8,9,10,11,12,13,14,15,16,17,18,19,20,21,22,23,24,25,26,27,28,29,30,31,32,33,34,35,36,37,38,39,40,41,42,43,44,45,55,56,57,58,59,60,61,62,63,64,65,66,67,68,69,70,71,75) and is_show=1 and parent_id=36 and ptype=2 ) ORDER BY rank,id  [ RunTime:0.0004s ]
SQL: SELECT * FROM `gb_menus` WHERE ( id in (1,2,3,4,5,6,7,8,9,10,11,12,13,14,15,16,17,18,19,20,21,22,23,24,25,26,27,28,29,30,31,32,33,34,35,36,37,38,39,40,41,42,43,44,45,55,56,57,58,59,60,61,62,63,64,65,66,67,68,69,70,71,75) and is_show=1 and parent_id=39 and ptype=1 ) ORDER BY rank,id  [ RunTime:0.0004s ]
SQL: SELECT * FROM `gb_menus` WHERE ( id in (1,2,3,4,5,6,7,8,9,10,11,12,13,14,15,16,17,18,19,20,21,22,23,24,25,26,27,28,29,30,31,32,33,34,35,36,37,38,39,40,41,42,43,44,45,55,56,57,58,59,60,61,62,63,64,65,66,67,68,69,70,71,75) and is_show=1 and parent_id=40 and ptype=2 ) ORDER BY rank,id  [ RunTime:0.0004s ]
SQL: SELECT * FROM `gb_menus` WHERE ( id in (1,2,3,4,5,6,7,8,9,10,11,12,13,14,15,16,17,18,19,20,21,22,23,24,25,26,27,28,29,30,31,32,33,34,35,36,37,38,39,40,41,42,43,44,45,55,56,57,58,59,60,61,62,63,64,65,66,67,68,69,70,71,75) and is_show=1 and parent_id=41 and ptype=2 ) ORDER BY rank,id  [ RunTime:0.0004s ]
SQL: SELECT * FROM `gb_menus` WHERE ( id in (1,2,3,4,5,6,7,8,9,10,11,12,13,14,15,16,17,18,19,20,21,22,23,24,25,26,27,28,29,30,31,32,33,34,35,36,37,38,39,40,41,42,43,44,45,55,56,57,58,59,60,61,62,63,64,65,66,67,68,69,70,71,75) and is_show=1 and parent_id=42 and ptype=2 ) ORDER BY rank,id  [ RunTime:0.0004s ]
SQL: SELECT * FROM `gb_menus` WHERE ( id in (1,2,3,4,5,6,7,8,9,10,11,12,13,14,15,16,17,18,19,20,21,22,23,24,25,26,27,28,29,30,31,32,33,34,35,36,37,38,39,40,41,42,43,44,45,55,56,57,58,59,60,61,62,63,64,65,66,67,68,69,70,71,75) and is_show=1 and parent_id=43 and ptype=2 ) ORDER BY rank,id  [ RunTime:0.0004s ]
NOTIC: [8] Undefined index: sub_menus E:\por\oa\Common\Common\Controller\AdminBaseController.class.php 第 235 行.
NOTIC: [8] Undefined index: sub_menus E:\por\oa\Common\Common\Controller\AdminBaseController.class.php 第 235 行.
NOTIC: [8] Undefined index: sub_menus E:\por\oa\Common\Common\Controller\AdminBaseController.class.php 第 235 行.
NOTIC: [8] Undefined index: sub_menus E:\por\oa\Common\Common\Controller\AdminBaseController.class.php 第 235 行.
NOTIC: [8] Undefined index: sub_menus E:\por\oa\Common\Common\Controller\AdminBaseController.class.php 第 235 行.
NOTIC: [8] Undefined index: sub_menus E:\por\oa\Common\Common\Controller\AdminBaseController.class.php 第 235 行.
SQL: SHOW COLUMNS FROM `gb_items` [ RunTime:0.0029s ]
SQL: SHOW COLUMNS FROM `gb_items` [ RunTime:0.0028s ]
SQL: SELECT COUNT(*) AS tp_count FROM `gb_items` WHERE ( is_del=1 ) LIMIT 1   [ RunTime:0.0002s ]
SQL: SELECT COUNT(*) AS tp_count FROM `gb_items` WHERE ( is_del=0 ) LIMIT 1   [ RunTime:0.0002s ]
SQL: SELECT COUNT(*) AS tp_count FROM `gb_items` WHERE ( is_del=0 and is_over=1 ) LIMIT 1   [ RunTime:0.0002s ]
SQL: SELECT COUNT(*) AS tp_count FROM `gb_items` WHERE ( is_del=0 and is_over=0 ) LIMIT 1   [ RunTime:0.0002s ]
SQL: SELECT COUNT(*) AS tp_count FROM `gb_items` WHERE ( is_del=0 and (create_time<=1477411200 and create_time>=1477497599) ) LIMIT 1   [ RunTime:0.0002s ]
SQL: SHOW COLUMNS FROM `gb_products` [ RunTime:0.0034s ]
SQL: SELECT * FROM `gb_products` WHERE ( status<3 ) ORDER BY status asc,create_time desc LIMIT 5   [ RunTime:0.0003s ]
SQL: SHOW COLUMNS FROM `gb_product_order` [ RunTime:0.0030s ]
SQL: SELECT a.*,p.name,p.code,p.number FROM gb_product_order a left join gb_products p on p.id=a.product_id  WHERE ( a.is_del=0 ) ORDER BY a.update_time desc LIMIT 5   [ RunTime:0.0004s ]
SQL: SHOW COLUMNS FROM `gb_ptypes` [ RunTime:0.0028s ]
SQL: SELECT * FROM `gb_ptypes` WHERE ( id=3 )  [ RunTime:0.0003s ]
SQL: SHOW COLUMNS FROM `gb_product_pic` [ RunTime:0.0029s ]
SQL: SELECT a.*,p.name,p.code,p.number FROM gb_product_pic a left join gb_products p on p.id=a.product_id  WHERE ( a.is_over=0 )  [ RunTime:0.0003s ]
SQL: SELECT a.id,a.admin_user_id,a.msg,a.create_time,ifnull(u.name,u.username) as username,u.head_pic FROM gb_deport_message a left join gb_admin_user u on u.id=a.admin_user_id  WHERE ( a.create_time>=1477210853 or a.deport_id=0 ) ORDER BY a.create_time desc  [ RunTime:0.0003s ]
INFO: [ view_parse ] --START--
INFO: [ template_filter ] --START--
INFO: Run Behavior\ContentReplaceBehavior [ RunTime:0.000202s ]
INFO: [ template_filter ] --END-- [ RunTime:0.000271s ]
NOTIC: [8] Undefined index: first_code E:\por\oa\Runtime\Cache\Home\2f412aae274b751dca883838bf7e7502.php 第 311 行.
NOTIC: [8] Undefined index: sub_menus E:\por\oa\Runtime\Cache\Home\2f412aae274b751dca883838bf7e7502.php 第 312 行.
NOTIC: [8] Undefined index: sub_menus E:\por\oa\Runtime\Cache\Home\2f412aae274b751dca883838bf7e7502.php 第 315 行.
NOTIC: [8] Undefined index: sub_menus E:\por\oa\Runtime\Cache\Home\2f412aae274b751dca883838bf7e7502.php 第 318 行.
NOTIC: [8] Undefined index: first_code E:\por\oa\Runtime\Cache\Home\2f412aae274b751dca883838bf7e7502.php 第 311 行.
NOTIC: [8] Undefined index: sub_menus E:\por\oa\Runtime\Cache\Home\2f412aae274b751dca883838bf7e7502.php 第 312 行.
NOTIC: [8] Undefined index: sub_menus E:\por\oa\Runtime\Cache\Home\2f412aae274b751dca883838bf7e7502.php 第 315 行.
NOTIC: [8] Undefined index: sub_menus E:\por\oa\Runtime\Cache\Home\2f412aae274b751dca883838bf7e7502.php 第 318 行.
NOTIC: [8] Undefined index: first_code E:\por\oa\Runtime\Cache\Home\2f412aae274b751dca883838bf7e7502.php 第 311 行.
NOTIC: [8] Undefined index: sub_menus E:\por\oa\Runtime\Cache\Home\2f412aae274b751dca883838bf7e7502.php 第 312 行.
NOTIC: [8] Undefined index: sub_menus E:\por\oa\Runtime\Cache\Home\2f412aae274b751dca883838bf7e7502.php 第 315 行.
NOTIC: [8] Undefined index: sub_menus E:\por\oa\Runtime\Cache\Home\2f412aae274b751dca883838bf7e7502.php 第 318 行.
NOTIC: [8] Undefined index: first_code E:\por\oa\Runtime\Cache\Home\2f412aae274b751dca883838bf7e7502.php 第 311 行.
NOTIC: [8] Undefined index: sub_menus E:\por\oa\Runtime\Cache\Home\2f412aae274b751dca883838bf7e7502.php 第 312 行.
NOTIC: [8] Undefined index: sub_menus E:\por\oa\Runtime\Cache\Home\2f412aae274b751dca883838bf7e7502.php 第 315 行.
NOTIC: [8] Undefined index: sub_menus E:\por\oa\Runtime\Cache\Home\2f412aae274b751dca883838bf7e7502.php 第 318 行.
NOTIC: [8] Undefined index: first_code E:\por\oa\Runtime\Cache\Home\2f412aae274b751dca883838bf7e7502.php 第 311 行.
NOTIC: [8] Undefined index: sub_menus E:\por\oa\Runtime\Cache\Home\2f412aae274b751dca883838bf7e7502.php 第 312 行.
NOTIC: [8] Undefined index: sub_menus E:\por\oa\Runtime\Cache\Home\2f412aae274b751dca883838bf7e7502.php 第 315 行.
NOTIC: [8] Undefined index: sub_menus E:\por\oa\Runtime\Cache\Home\2f412aae274b751dca883838bf7e7502.php 第 318 行.
NOTIC: [8] Undefined index: first_code E:\por\oa\Runtime\Cache\Home\2f412aae274b751dca883838bf7e7502.php 第 311 行.
NOTIC: [8] Undefined index: sub_menus E:\por\oa\Runtime\Cache\Home\2f412aae274b751dca883838bf7e7502.php 第 312 行.
NOTIC: [8] Undefined index: sub_menus E:\por\oa\Runtime\Cache\Home\2f412aae274b751dca883838bf7e7502.php 第 315 行.
NOTIC: [8] Undefined index: sub_menus E:\por\oa\Runtime\Cache\Home\2f412aae274b751dca883838bf7e7502.php 第 318 行.
NOTIC: [8] Undefined variable: locations E:\por\oa\Runtime\Cache\Home\2f412aae274b751dca883838bf7e7502.php 第 367 行.
NOTIC: [2] Invalid argument supplied for foreach() E:\por\oa\Runtime\Cache\Home\2f412aae274b751dca883838bf7e7502.php 第 367 行.
SQL: SELECT * FROM `gb_mall`  [ RunTime:0.0003s ]
SQL: SHOW COLUMNS FROM `gb_products` [ RunTime:0.0031s ]
SQL: SELECT * FROM `gb_products`  [ RunTime:0.0003s ]
SQL: SELECT * FROM `gb_product_pic` WHERE ( is_over=0 and is_del=0 ) GROUP BY product_id  [ RunTime:0.0002s ]
SQL: SHOW COLUMNS FROM `gb_product_order` [ RunTime:0.0028s ]
SQL: SELECT * FROM `gb_product_order` WHERE ( dh_time!=0 and is_del=0 )  [ RunTime:0.0003s ]
SQL: SELECT * FROM `gb_product_order` WHERE ( deliver_time!=0 and is_del=0 )  [ RunTime:0.0002s ]
SQL: SHOW COLUMNS FROM `gb_product_pic_status` [ RunTime:0.0027s ]
SQL: SELECT * FROM `gb_product_pic_status` WHERE ( ptype_status_id=1 ) GROUP BY product_pic_id  [ RunTime:0.0003s ]
SQL: SELECT * FROM `gb_product_pic_status` WHERE ( ptype_status_id=8 ) GROUP BY product_pic_id  [ RunTime:0.0002s ]
SQL: SELECT * FROM `gb_product_pic_status` WHERE ( ptype_status_id=6 ) GROUP BY product_pic_id  [ RunTime:0.0002s ]
SQL: SHOW COLUMNS FROM `gb_shop` [ RunTime:0.0029s ]
SQL: SELECT * FROM gb_shop a left join gb_count_info b on a.id=b.shop_id   WHERE ( b.mall_id=1 )  [ RunTime:0.0003s ]
SQL: SELECT * FROM gb_shop a left join gb_count_info b on a.id=b.shop_id   WHERE ( b.mall_id=2 )  [ RunTime:0.0002s ]
SQL: SELECT * FROM gb_shop a left join gb_count_info b on a.id=b.shop_id   WHERE ( b.mall_id=3 )  [ RunTime:0.0002s ]
SQL: SELECT * FROM gb_shop a left join gb_count_info b on a.id=b.shop_id   WHERE ( b.mall_id=4 )  [ RunTime:0.0002s ]
SQL: SELECT * FROM gb_shop a left join gb_count_info b on a.id=b.shop_id   WHERE ( b.mall_id=5 )  [ RunTime:0.0002s ]
SQL: SELECT * FROM gb_shop a left join gb_count_info b on a.id=b.shop_id   WHERE ( b.mall_id=6 )  [ RunTime:0.0002s ]
SQL: SELECT * FROM gb_shop a left join gb_count_info b on a.id=b.shop_id left join gb_products p on b.product_id=p.id  WHERE ( b.mall_id=1 and p.status=1 )  [ RunTime:0.0004s ]
SQL: SELECT * FROM gb_shop a left join gb_count_info b on a.id=b.shop_id left join gb_products p on b.product_id=p.id  WHERE ( b.mall_id=2 and p.status=1 )  [ RunTime:0.0003s ]
SQL: SELECT * FROM gb_shop a left join gb_count_info b on a.id=b.shop_id left join gb_products p on b.product_id=p.id  WHERE ( b.mall_id=3 and p.status=1 )  [ RunTime:0.0003s ]
SQL: SELECT * FROM gb_shop a left join gb_count_info b on a.id=b.shop_id left join gb_products p on b.product_id=p.id  WHERE ( b.mall_id=4 and p.status=1 )  [ RunTime:0.0003s ]
SQL: SELECT * FROM gb_shop a left join gb_count_info b on a.id=b.shop_id left join gb_products p on b.product_id=p.id  WHERE ( b.mall_id=5 and p.status=1 )  [ RunTime:0.0004s ]
SQL: SELECT * FROM gb_shop a left join gb_count_info b on a.id=b.shop_id left join gb_products p on b.product_id=p.id  WHERE ( b.mall_id=6 and p.status=1 )  [ RunTime:0.0004s ]
NOTIC: [8] Undefined variable: is_kindeditor E:\por\oa\Runtime\Cache\Home\2f412aae274b751dca883838bf7e7502.php 第 931 行.
INFO: Run Behavior\ParseTemplateBehavior [ RunTime:0.050374s ]
INFO: [ view_parse ] --END-- [ RunTime:0.050452s ]
INFO: [ view_filter ] --START--
INFO: Run Behavior\WriteHtmlCacheBehavior [ RunTime:0.000602s ]
INFO: [ view_filter ] --END-- [ RunTime:0.000652s ]
INFO: [ app_end ] --START--
INFO: Run Behavior\ShowPageTraceBehavior [ RunTime:0.000866s ]
INFO: [ app_end ] --END-- [ RunTime:0.000967s ]

